[2022-03-12T10:33:51.737Z] [PAYTM] INFO [NODE-SDK1.0.0] <MerchantProperties>: initialize called
[2022-03-12T10:33:51.738Z] [PAYTM] CRITICAL [NODE-SDK1.0.0] <SDKException>: SDKException's msg Mid can not be null or empty
[2022-03-12T10:33:51.741Z] [PAYTM] INFO [NODE-SDK1.0.0] <DemoApp>: Exception caught: {"message":"Mid can not be null or empty"}
[2022-03-12T10:34:25.450Z] [PAYTM] INFO [NODE-SDK1.0.0] <MerchantProperties>: initialize called
[2022-03-12T10:34:25.451Z] [PAYTM] CRITICAL [NODE-SDK1.0.0] <SDKException>: SDKException's msg Mid can not be null or empty
[2022-03-12T10:34:25.454Z] [PAYTM] INFO [NODE-SDK1.0.0] <DemoApp>: Exception caught: {"message":"Mid can not be null or empty"}
[2022-03-12T10:36:22.261Z] [PAYTM] INFO [NODE-SDK1.0.0] <MerchantProperties>: initialize called
[2022-03-12T10:36:22.262Z] [PAYTM] INFO [NODE-SDK1.0.0] <MerchantProperties>: Setting Environment for STAGE
[2022-03-12T10:37:16.868Z] [PAYTM] INFO [NODE-SDK1.0.0] <MerchantProperties>: initialize called
[2022-03-12T10:37:16.869Z] [PAYTM] INFO [NODE-SDK1.0.0] <MerchantProperties>: Setting Environment for STAGE
[2022-03-12T10:41:10.420Z] [PAYTM] INFO [NODE-SDK1.0.0] <MerchantProperties>: initialize called
[2022-03-12T10:41:10.421Z] [PAYTM] INFO [NODE-SDK1.0.0] <MerchantProperties>: Setting Environment for STAGE
[2022-03-12T10:44:18.515Z] [PAYTM] INFO [NODE-SDK1.0.0] <MerchantProperties>: initialize called
[2022-03-12T10:44:18.516Z] [PAYTM] INFO [NODE-SDK1.0.0] <MerchantProperties>: Setting Environment for STAGE
[2022-03-12T10:47:12.486Z] [PAYTM] INFO [NODE-SDK1.0.0] <MerchantProperties>: initialize called
[2022-03-12T10:47:12.487Z] [PAYTM] INFO [NODE-SDK1.0.0] <MerchantProperties>: Setting Environment for STAGE
[2022-03-12T10:47:40.810Z] [PAYTM] INFO [NODE-SDK1.0.0] <MerchantProperties>: initialize called
[2022-03-12T10:47:40.811Z] [PAYTM] INFO [NODE-SDK1.0.0] <MerchantProperties>: Setting Environment for STAGE
[2022-03-12T10:47:43.304Z] [PAYTM] INFO [NODE-SDK:1.0.0:301be5e7-9d5b-4b65-83c1-14b25c90b206] <Payment>: In getPaymentStatus PaymentStatusDetail: {"orderId":"6GXCL6VY1M","readTimeout":80000}
[2022-03-12T10:47:43.304Z] [PAYTM] INFO [NODE-SDK:1.0.0:301be5e7-9d5b-4b65-83c1-14b25c90b206] <Payment>: validatePaymentStatusDetailObject for request: {"orderId":"6GXCL6VY1M","readTimeout":80000}
[2022-03-12T10:47:43.304Z] [PAYTM] INFO [NODE-SDK:1.0.0:301be5e7-9d5b-4b65-83c1-14b25c90b206] <Payment>:  validatePaymentStatusDetailObject returns true 
[2022-03-12T10:47:43.304Z] [PAYTM] INFO [NODE-SDK:1.0.0:301be5e7-9d5b-4b65-83c1-14b25c90b206] <CommonUtil>: In getSecureRequestHeader
[2022-03-12T10:47:43.305Z] [PAYTM] INFO [NODE-SDK:1.0.0:301be5e7-9d5b-4b65-83c1-14b25c90b206] <Payment>: NativePaymentStatusRequest object {"head":{"version":"v2","channelId":null,"requestTimestamp":"1647082063304","workFlow":null,"signature":null},"body":{"mid":"ciXcUt86833610141591","orderId":"6GXCL6VY1M"}}
[2022-03-12T10:47:43.305Z] [PAYTM] INFO [NODE-SDK:1.0.0:301be5e7-9d5b-4b65-83c1-14b25c90b206] <EncDecUtil>: generateSignature() called
[2022-03-12T10:47:43.305Z] [PAYTM] INFO [NODE-SDK:1.0.0:301be5e7-9d5b-4b65-83c1-14b25c90b206] <EncDecUtil>: generateRandomString() called
[2022-03-12T10:47:43.307Z] [PAYTM] INFO [NODE-SDK:1.0.0:301be5e7-9d5b-4b65-83c1-14b25c90b206] <EncDecUtil>: generateSalt returns: P6OQ
[2022-03-12T10:47:43.310Z] [PAYTM] INFO [NODE-SDK:1.0.0:301be5e7-9d5b-4b65-83c1-14b25c90b206] <EncDecUtil>: getChecksumFromString returns: RyqAOR8nasAc5b1Eo/AkDR878GIQI1vn266OqdId0lzGOrxbHmhxmxibvMQEMlNs6weMXWYGg/eI59HZlqZZ3F32mH5WVzN11NhqAyXaiBM=
[2022-03-12T10:47:43.311Z] [PAYTM] INFO [NODE-SDK:1.0.0:301be5e7-9d5b-4b65-83c1-14b25c90b206] <Request>: process for request: {"head":{"version":"v2","channelId":null,"requestTimestamp":"1647082063304","workFlow":null,"signature":"RyqAOR8nasAc5b1Eo/AkDR878GIQI1vn266OqdId0lzGOrxbHmhxmxibvMQEMlNs6weMXWYGg/eI59HZlqZZ3F32mH5WVzN11NhqAyXaiBM="},"body":{"mid":"ciXcUt86833610141591","orderId":"6GXCL6VY1M"}}
[2022-03-12T10:47:43.312Z] [PAYTM] INFO [NODE-SDK:1.0.0:301be5e7-9d5b-4b65-83c1-14b25c90b206] <Request>: executeCurl called 
[2022-03-12T10:47:43.312Z] [PAYTM] INFO [NODE-SDK:1.0.0:301be5e7-9d5b-4b65-83c1-14b25c90b206] <Request>: will make API call to: https://securegw-stage.paytm.in/merchant-status/api/v1/getPaymentStatus
[2022-03-12T10:47:43.790Z] [PAYTM] INFO [NODE-SDK:1.0.0:301be5e7-9d5b-4b65-83c1-14b25c90b206] <Request>: API response received upon successful execution: {"head":{"responseTimestamp":"1647082063784","version":"v1","signature":"NbLhuTZUz6Y0rodWpL+wV5X4QLMn3bdC5LXBsdKr9GZX0V5hGwFLUSvMkIgbnpmUbwCGWyXA3/LqtkdsEvaRPNxkJYoIpDhKua66K7sq2sM="},"body":{"resultInfo":{"resultStatus":"TXN_SUCCESS","resultCode":"01","resultMsg":"Txn Success"},"txnId":"20220312111212800110168059103516464","bankTxnId":"13536213818","orderId":"6GXCL6VY1M","txnAmount":"10.00","txnType":"SALE","gatewayName":"HDFC","bankName":"HDFC Bank","mid":"ciXcUt86833610141591","paymentMode":"NB","refundAmt":"0.00","txnDate":"2022-03-12 08:25:50.0"}}
[2022-03-12T10:47:43.791Z] [PAYTM] INFO [NODE-SDK:1.0.0:301be5e7-9d5b-4b65-83c1-14b25c90b206] <Request>: Raw Response: {"head":{"responseTimestamp":"1647082063784","version":"v1","signature":"NbLhuTZUz6Y0rodWpL+wV5X4QLMn3bdC5LXBsdKr9GZX0V5hGwFLUSvMkIgbnpmUbwCGWyXA3/LqtkdsEvaRPNxkJYoIpDhKua66K7sq2sM="},"body":{"resultInfo":{"resultStatus":"TXN_SUCCESS","resultCode":"01","resultMsg":"Txn Success"},"txnId":"20220312111212800110168059103516464","bankTxnId":"13536213818","orderId":"6GXCL6VY1M","txnAmount":"10.00","txnType":"SALE","gatewayName":"HDFC","bankName":"HDFC Bank","mid":"ciXcUt86833610141591","paymentMode":"NB","refundAmt":"0.00","txnDate":"2022-03-12 08:25:50.0"}}
[2022-03-12T10:47:43.793Z] [PAYTM] INFO [NODE-SDK:1.0.0:301be5e7-9d5b-4b65-83c1-14b25c90b206] <Request>: Response Data Object: {"head":{"signature":"NbLhuTZUz6Y0rodWpL+wV5X4QLMn3bdC5LXBsdKr9GZX0V5hGwFLUSvMkIgbnpmUbwCGWyXA3/LqtkdsEvaRPNxkJYoIpDhKua66K7sq2sM=","responseTimestamp":"1647082063784","version":"v1"},"body":{"txnId":"20220312111212800110168059103516464","bankTxnId":"13536213818","orderId":"6GXCL6VY1M","txnAmount":"10.00","txnType":"SALE","gatewayName":"HDFC","bankName":"HDFC Bank","mid":"ciXcUt86833610141591","paymentMode":"NB","refundAmt":"0.00","txnDate":"2022-03-12 08:25:50.0","resultInfo":{"resultStatus":"TXN_SUCCESS","resultMsg":"Txn Success","resultCode":"01"},"extraParamsMap":{}}}
[2022-03-12T10:47:43.793Z] [PAYTM] INFO [NODE-SDK:1.0.0:301be5e7-9d5b-4b65-83c1-14b25c90b206] <Request>: validating signature 
[2022-03-12T10:47:43.794Z] [PAYTM] INFO [NODE-SDK:1.0.0:301be5e7-9d5b-4b65-83c1-14b25c90b206] <EncDecUtil>: verifyChecksumByString called()
[2022-03-12T10:47:43.794Z] [PAYTM] INFO [NODE-SDK:1.0.0:301be5e7-9d5b-4b65-83c1-14b25c90b206] <EncDecUtil>: verifyChecksumByString returns: true
[2022-03-12T10:47:43.794Z] [PAYTM] INFO [NODE-SDK:1.0.0:301be5e7-9d5b-4b65-83c1-14b25c90b206] <Request>: signature validation passed 
[2022-03-12T10:47:43.794Z] [PAYTM] INFO [NODE-SDK:1.0.0:301be5e7-9d5b-4b65-83c1-14b25c90b206] <Request>: Execution completed with raw json response: {"head":{"responseTimestamp":"1647082063784","version":"v1","signature":"NbLhuTZUz6Y0rodWpL+wV5X4QLMn3bdC5LXBsdKr9GZX0V5hGwFLUSvMkIgbnpmUbwCGWyXA3/LqtkdsEvaRPNxkJYoIpDhKua66K7sq2sM="},"body":{"resultInfo":{"resultStatus":"TXN_SUCCESS","resultCode":"01","resultMsg":"Txn Success"},"txnId":"20220312111212800110168059103516464","bankTxnId":"13536213818","orderId":"6GXCL6VY1M","txnAmount":"10.00","txnType":"SALE","gatewayName":"HDFC","bankName":"HDFC Bank","mid":"ciXcUt86833610141591","paymentMode":"NB","refundAmt":"0.00","txnDate":"2022-03-12 08:25:50.0"}}
[2022-03-12T11:05:43.785Z] [PAYTM] INFO [NODE-SDK1.0.0] <MerchantProperties>: initialize called
[2022-03-12T11:05:43.786Z] [PAYTM] INFO [NODE-SDK1.0.0] <MerchantProperties>: Setting Environment for STAGE
[2022-03-12T11:07:20.608Z] [PAYTM] INFO [NODE-SDK1.0.0] <MerchantProperties>: initialize called
[2022-03-12T11:07:20.609Z] [PAYTM] INFO [NODE-SDK1.0.0] <MerchantProperties>: Setting Environment for STAGE
[2022-03-12T11:11:54.176Z] [PAYTM] INFO [NODE-SDK1.0.0] <MerchantProperties>: initialize called
[2022-03-12T11:11:54.177Z] [PAYTM] INFO [NODE-SDK1.0.0] <MerchantProperties>: Setting Environment for STAGE
[2022-03-12T11:12:00.967Z] [PAYTM] INFO [NODE-SDK1.0.0] <MerchantProperties>: initialize called
[2022-03-12T11:12:00.968Z] [PAYTM] INFO [NODE-SDK1.0.0] <MerchantProperties>: Setting Environment for STAGE
[2022-03-12T11:13:03.608Z] [PAYTM] INFO [NODE-SDK1.0.0] <MerchantProperties>: initialize called
[2022-03-12T11:13:03.609Z] [PAYTM] INFO [NODE-SDK1.0.0] <MerchantProperties>: Setting Environment for STAGE
[2022-03-12T11:14:10.208Z] [PAYTM] INFO [NODE-SDK1.0.0] <MerchantProperties>: initialize called
[2022-03-12T11:14:10.209Z] [PAYTM] INFO [NODE-SDK1.0.0] <MerchantProperties>: Setting Environment for STAGE
[2022-03-12T11:15:44.397Z] [PAYTM] INFO [NODE-SDK1.0.0] <MerchantProperties>: initialize called
[2022-03-12T11:15:44.398Z] [PAYTM] INFO [NODE-SDK1.0.0] <MerchantProperties>: Setting Environment for STAGE
[2022-03-12T11:16:19.068Z] [PAYTM] INFO [NODE-SDK1.0.0] <MerchantProperties>: initialize called
[2022-03-12T11:16:19.069Z] [PAYTM] INFO [NODE-SDK1.0.0] <MerchantProperties>: Setting Environment for STAGE
[2022-03-12T11:18:00.871Z] [PAYTM] INFO [NODE-SDK1.0.0] <MerchantProperties>: initialize called
[2022-03-12T11:18:00.872Z] [PAYTM] INFO [NODE-SDK1.0.0] <MerchantProperties>: Setting Environment for STAGE
[2022-03-12T11:18:24.838Z] [PAYTM] INFO [NODE-SDK:1.0.0:dfe044d4-828d-4ffc-921e-f59699a50f03] <Payment>: In createTxnToken PaymentDetail: {"channelId":"WEB","orderId":"CDBLKL9B92","txnAmount":{"currency":"INR","value":"10.00"},"userInfo":{"custId":"JO3LQ6V33P","email":"a@e.com","firstName":"sdfgs","lastName":"sdfgsdf","mobile":"54641"},"readTimeout":80000}
[2022-03-12T11:18:24.839Z] [PAYTM] INFO [NODE-SDK:1.0.0:dfe044d4-828d-4ffc-921e-f59699a50f03] <Payment>: validatePaymentDetailsObject for object: {"channelId":"WEB","orderId":"CDBLKL9B92","txnAmount":{"currency":"INR","value":"10.00"},"userInfo":{"custId":"JO3LQ6V33P","email":"a@e.com","firstName":"sdfgs","lastName":"sdfgsdf","mobile":"54641"},"readTimeout":80000}
[2022-03-12T11:18:24.839Z] [PAYTM] INFO [NODE-SDK:1.0.0:dfe044d4-828d-4ffc-921e-f59699a50f03] <Payment>:  validatePaymentDetailsObject returns true 
[2022-03-12T11:18:24.839Z] [PAYTM] INFO [NODE-SDK:1.0.0:dfe044d4-828d-4ffc-921e-f59699a50f03] <CommonUtil>: In getSecureRequestHeader
[2022-03-12T11:18:24.840Z] [PAYTM] INFO [NODE-SDK:1.0.0:dfe044d4-828d-4ffc-921e-f59699a50f03] <Payment>: InitiateTransactionRequest object {"head":{"version":"v2","channelId":"WEB","requestTimestamp":"1647083904839","signature":null},"body":{"requestType":"Payment","mid":"ciXcUt86833610141591","orderId":"CDBLKL9B92","websiteName":"C1","txnAmount":{"currency":"INR","value":"10.00"},"userInfo":{"custId":"JO3LQ6V33P","email":"a@e.com","firstName":"sdfgs","lastName":"sdfgsdf","mobile":"54641"},"callbackUrl":"http://localhost:5000/callback"}}
[2022-03-12T11:18:24.840Z] [PAYTM] INFO [NODE-SDK:1.0.0:dfe044d4-828d-4ffc-921e-f59699a50f03] <EncDecUtil>: generateSignature() called
[2022-03-12T11:18:24.841Z] [PAYTM] INFO [NODE-SDK:1.0.0:dfe044d4-828d-4ffc-921e-f59699a50f03] <EncDecUtil>: generateRandomString() called
[2022-03-12T11:18:24.842Z] [PAYTM] INFO [NODE-SDK:1.0.0:dfe044d4-828d-4ffc-921e-f59699a50f03] <EncDecUtil>: generateSalt returns: pz0V
[2022-03-12T11:18:24.845Z] [PAYTM] INFO [NODE-SDK:1.0.0:dfe044d4-828d-4ffc-921e-f59699a50f03] <EncDecUtil>: getChecksumFromString returns: S/pEuhPw0RwAZ0dHAaTVKNGM3cNUa4DHOPRiKUxwcjzCte329ws7+Bq79eU4ctpLvghDhqdA1wOgjKJfOXrGM5dcd5Ren7ttwyPVvYvnDa0=
[2022-03-12T11:18:24.846Z] [PAYTM] INFO [NODE-SDK:1.0.0:dfe044d4-828d-4ffc-921e-f59699a50f03] <Request>: process for request: {"head":{"version":"v2","channelId":"WEB","requestTimestamp":"1647083904839","signature":"S/pEuhPw0RwAZ0dHAaTVKNGM3cNUa4DHOPRiKUxwcjzCte329ws7+Bq79eU4ctpLvghDhqdA1wOgjKJfOXrGM5dcd5Ren7ttwyPVvYvnDa0="},"body":{"requestType":"Payment","mid":"ciXcUt86833610141591","orderId":"CDBLKL9B92","websiteName":"C1","txnAmount":{"currency":"INR","value":"10.00"},"userInfo":{"custId":"JO3LQ6V33P","email":"a@e.com","firstName":"sdfgs","lastName":"sdfgsdf","mobile":"54641"},"callbackUrl":"http://localhost:5000/callback"}}
[2022-03-12T11:18:24.846Z] [PAYTM] INFO [NODE-SDK:1.0.0:dfe044d4-828d-4ffc-921e-f59699a50f03] <Request>: executeCurl called 
[2022-03-12T11:18:24.846Z] [PAYTM] INFO [NODE-SDK:1.0.0:dfe044d4-828d-4ffc-921e-f59699a50f03] <Request>: will make API call to: https://securegw-stage.paytm.in/theia/api/v1/initiateTransaction?mid=ciXcUt86833610141591&orderId=CDBLKL9B92
[2022-03-12T11:18:25.675Z] [PAYTM] INFO [NODE-SDK:1.0.0:dfe044d4-828d-4ffc-921e-f59699a50f03] <Request>: API response received upon successful execution: {"head":{"responseTimestamp":"1647083905669","version":"v1","signature":"IAT+ZZRY8eVHXsOi2X0ZL7i5/tWd4b9+XhV6yJwMeOkm0qjqageB1A5XKkUan89tUGc9Ixv/SpK6jQpb6X+ud7bJ4JRdDJeRdjKjgKoe2DM="},"body":{"resultInfo":{"resultStatus":"S","resultCode":"0000","resultMsg":"Success"},"txnToken":"c465065bf1e143bcbdebfe143e3eb2341647083905146","isPromoCodeValid":false,"authenticated":false}}
[2022-03-12T11:18:25.675Z] [PAYTM] INFO [NODE-SDK:1.0.0:dfe044d4-828d-4ffc-921e-f59699a50f03] <Request>: Raw Response: {"head":{"responseTimestamp":"1647083905669","version":"v1","signature":"IAT+ZZRY8eVHXsOi2X0ZL7i5/tWd4b9+XhV6yJwMeOkm0qjqageB1A5XKkUan89tUGc9Ixv/SpK6jQpb6X+ud7bJ4JRdDJeRdjKjgKoe2DM="},"body":{"resultInfo":{"resultStatus":"S","resultCode":"0000","resultMsg":"Success"},"txnToken":"c465065bf1e143bcbdebfe143e3eb2341647083905146","isPromoCodeValid":false,"authenticated":false}}
[2022-03-12T11:18:25.676Z] [PAYTM] INFO [NODE-SDK:1.0.0:dfe044d4-828d-4ffc-921e-f59699a50f03] <Request>: Response Data Object: {"head":{"signature":"IAT+ZZRY8eVHXsOi2X0ZL7i5/tWd4b9+XhV6yJwMeOkm0qjqageB1A5XKkUan89tUGc9Ixv/SpK6jQpb6X+ud7bJ4JRdDJeRdjKjgKoe2DM=","responseTimestamp":"1647083905669","version":"v1"},"body":{"txnToken":"c465065bf1e143bcbdebfe143e3eb2341647083905146","isPromoCodeValid":false,"resultInfo":{"resultStatus":"S","resultMsg":"Success","resultCode":"0000"},"extraParamsMap":{}}}
[2022-03-12T11:18:25.676Z] [PAYTM] INFO [NODE-SDK:1.0.0:dfe044d4-828d-4ffc-921e-f59699a50f03] <Request>: validating signature 
[2022-03-12T11:18:25.676Z] [PAYTM] INFO [NODE-SDK:1.0.0:dfe044d4-828d-4ffc-921e-f59699a50f03] <EncDecUtil>: verifyChecksumByString called()
[2022-03-12T11:18:25.676Z] [PAYTM] INFO [NODE-SDK:1.0.0:dfe044d4-828d-4ffc-921e-f59699a50f03] <EncDecUtil>: verifyChecksumByString returns: true
[2022-03-12T11:18:25.676Z] [PAYTM] INFO [NODE-SDK:1.0.0:dfe044d4-828d-4ffc-921e-f59699a50f03] <Request>: signature validation passed 
[2022-03-12T11:18:25.676Z] [PAYTM] INFO [NODE-SDK:1.0.0:dfe044d4-828d-4ffc-921e-f59699a50f03] <Request>: Execution completed with raw json response: {"head":{"responseTimestamp":"1647083905669","version":"v1","signature":"IAT+ZZRY8eVHXsOi2X0ZL7i5/tWd4b9+XhV6yJwMeOkm0qjqageB1A5XKkUan89tUGc9Ixv/SpK6jQpb6X+ud7bJ4JRdDJeRdjKjgKoe2DM="},"body":{"resultInfo":{"resultStatus":"S","resultCode":"0000","resultMsg":"Success"},"txnToken":"c465065bf1e143bcbdebfe143e3eb2341647083905146","isPromoCodeValid":false,"authenticated":false}}
[2022-03-12T13:38:56.080Z] [PAYTM] INFO [NODE-SDK1.0.0] <MerchantProperties>: initialize called
[2022-03-12T13:38:56.082Z] [PAYTM] INFO [NODE-SDK1.0.0] <MerchantProperties>: Setting Environment for STAGE
[2022-03-12T13:44:30.588Z] [PAYTM] INFO [NODE-SDK:1.0.0:110bc2e2-90ec-48b8-acdb-13df266bb860] <Payment>: In createTxnToken PaymentDetail: {"channelId":"WEB","orderId":"VC7NMO9N2U","txnAmount":{"currency":"INR","value":"10.00"},"userInfo":{"custId":"3SP5ON84KW","email":"a@ieee.org","firstName":"Abhijith","lastName":"sdfasd","mobile":"12345678"},"readTimeout":80000}
[2022-03-12T13:44:30.588Z] [PAYTM] INFO [NODE-SDK:1.0.0:110bc2e2-90ec-48b8-acdb-13df266bb860] <Payment>: validatePaymentDetailsObject for object: {"channelId":"WEB","orderId":"VC7NMO9N2U","txnAmount":{"currency":"INR","value":"10.00"},"userInfo":{"custId":"3SP5ON84KW","email":"a@ieee.org","firstName":"Abhijith","lastName":"sdfasd","mobile":"12345678"},"readTimeout":80000}
[2022-03-12T13:44:30.588Z] [PAYTM] INFO [NODE-SDK:1.0.0:110bc2e2-90ec-48b8-acdb-13df266bb860] <Payment>:  validatePaymentDetailsObject returns true 
[2022-03-12T13:44:30.589Z] [PAYTM] INFO [NODE-SDK:1.0.0:110bc2e2-90ec-48b8-acdb-13df266bb860] <CommonUtil>: In getSecureRequestHeader
[2022-03-12T13:44:30.589Z] [PAYTM] INFO [NODE-SDK:1.0.0:110bc2e2-90ec-48b8-acdb-13df266bb860] <Payment>: InitiateTransactionRequest object {"head":{"version":"v2","channelId":"WEB","requestTimestamp":"1647092670589","signature":null},"body":{"requestType":"Payment","mid":"ciXcUt86833610141591","orderId":"VC7NMO9N2U","websiteName":"C1","txnAmount":{"currency":"INR","value":"10.00"},"userInfo":{"custId":"3SP5ON84KW","email":"a@ieee.org","firstName":"Abhijith","lastName":"sdfasd","mobile":"12345678"},"callbackUrl":"http://localhost:5000/callback"}}
[2022-03-12T13:44:30.590Z] [PAYTM] INFO [NODE-SDK:1.0.0:110bc2e2-90ec-48b8-acdb-13df266bb860] <EncDecUtil>: generateSignature() called
[2022-03-12T13:44:30.590Z] [PAYTM] INFO [NODE-SDK:1.0.0:110bc2e2-90ec-48b8-acdb-13df266bb860] <EncDecUtil>: generateRandomString() called
[2022-03-12T13:44:30.591Z] [PAYTM] INFO [NODE-SDK:1.0.0:110bc2e2-90ec-48b8-acdb-13df266bb860] <EncDecUtil>: generateSalt returns: cCQ3
[2022-03-12T13:44:30.593Z] [PAYTM] INFO [NODE-SDK:1.0.0:110bc2e2-90ec-48b8-acdb-13df266bb860] <EncDecUtil>: getChecksumFromString returns: MyC76ZrW9naIcsCuSaqY7bU0VgNxvS2TvJr6RreEDl5+6ae6Sj0/9cUtYD1ifWDd6BgwN/BheVmeaNmCxXoJRt6UxL3Q7GiPJmkYNA2MiGs=
[2022-03-12T13:44:30.594Z] [PAYTM] INFO [NODE-SDK:1.0.0:110bc2e2-90ec-48b8-acdb-13df266bb860] <Request>: process for request: {"head":{"version":"v2","channelId":"WEB","requestTimestamp":"1647092670589","signature":"MyC76ZrW9naIcsCuSaqY7bU0VgNxvS2TvJr6RreEDl5+6ae6Sj0/9cUtYD1ifWDd6BgwN/BheVmeaNmCxXoJRt6UxL3Q7GiPJmkYNA2MiGs="},"body":{"requestType":"Payment","mid":"ciXcUt86833610141591","orderId":"VC7NMO9N2U","websiteName":"C1","txnAmount":{"currency":"INR","value":"10.00"},"userInfo":{"custId":"3SP5ON84KW","email":"a@ieee.org","firstName":"Abhijith","lastName":"sdfasd","mobile":"12345678"},"callbackUrl":"http://localhost:5000/callback"}}
[2022-03-12T13:44:30.594Z] [PAYTM] INFO [NODE-SDK:1.0.0:110bc2e2-90ec-48b8-acdb-13df266bb860] <Request>: executeCurl called 
[2022-03-12T13:44:30.594Z] [PAYTM] INFO [NODE-SDK:1.0.0:110bc2e2-90ec-48b8-acdb-13df266bb860] <Request>: will make API call to: https://securegw-stage.paytm.in/theia/api/v1/initiateTransaction?mid=ciXcUt86833610141591&orderId=VC7NMO9N2U
[2022-03-12T13:44:31.420Z] [PAYTM] INFO [NODE-SDK:1.0.0:110bc2e2-90ec-48b8-acdb-13df266bb860] <Request>: API response received upon successful execution: {"head":{"responseTimestamp":"1647092671440","version":"v1","signature":"HBIWbxkjx+KHEnhrTbizzKy7R7diBkJj9CJ1NXEvRB5gOQF69CLi9URuWCd8mmgxFCrO6uC9hZzUJaeFwnwa4yNJat10T+goiYYkrmSBniU="},"body":{"resultInfo":{"resultStatus":"S","resultCode":"0000","resultMsg":"Success"},"txnToken":"4aee0212b251427bbbd7d9ab965e31211647092671152","isPromoCodeValid":false,"authenticated":false}}
[2022-03-12T13:44:31.420Z] [PAYTM] INFO [NODE-SDK:1.0.0:110bc2e2-90ec-48b8-acdb-13df266bb860] <Request>: Raw Response: {"head":{"responseTimestamp":"1647092671440","version":"v1","signature":"HBIWbxkjx+KHEnhrTbizzKy7R7diBkJj9CJ1NXEvRB5gOQF69CLi9URuWCd8mmgxFCrO6uC9hZzUJaeFwnwa4yNJat10T+goiYYkrmSBniU="},"body":{"resultInfo":{"resultStatus":"S","resultCode":"0000","resultMsg":"Success"},"txnToken":"4aee0212b251427bbbd7d9ab965e31211647092671152","isPromoCodeValid":false,"authenticated":false}}
[2022-03-12T13:44:31.421Z] [PAYTM] INFO [NODE-SDK:1.0.0:110bc2e2-90ec-48b8-acdb-13df266bb860] <Request>: Response Data Object: {"head":{"signature":"HBIWbxkjx+KHEnhrTbizzKy7R7diBkJj9CJ1NXEvRB5gOQF69CLi9URuWCd8mmgxFCrO6uC9hZzUJaeFwnwa4yNJat10T+goiYYkrmSBniU=","responseTimestamp":"1647092671440","version":"v1"},"body":{"txnToken":"4aee0212b251427bbbd7d9ab965e31211647092671152","isPromoCodeValid":false,"resultInfo":{"resultStatus":"S","resultMsg":"Success","resultCode":"0000"},"extraParamsMap":{}}}
[2022-03-12T13:44:31.421Z] [PAYTM] INFO [NODE-SDK:1.0.0:110bc2e2-90ec-48b8-acdb-13df266bb860] <Request>: validating signature 
[2022-03-12T13:44:31.421Z] [PAYTM] INFO [NODE-SDK:1.0.0:110bc2e2-90ec-48b8-acdb-13df266bb860] <EncDecUtil>: verifyChecksumByString called()
[2022-03-12T13:44:31.422Z] [PAYTM] INFO [NODE-SDK:1.0.0:110bc2e2-90ec-48b8-acdb-13df266bb860] <EncDecUtil>: verifyChecksumByString returns: true
[2022-03-12T13:44:31.422Z] [PAYTM] INFO [NODE-SDK:1.0.0:110bc2e2-90ec-48b8-acdb-13df266bb860] <Request>: signature validation passed 
[2022-03-12T13:44:31.422Z] [PAYTM] INFO [NODE-SDK:1.0.0:110bc2e2-90ec-48b8-acdb-13df266bb860] <Request>: Execution completed with raw json response: {"head":{"responseTimestamp":"1647092671440","version":"v1","signature":"HBIWbxkjx+KHEnhrTbizzKy7R7diBkJj9CJ1NXEvRB5gOQF69CLi9URuWCd8mmgxFCrO6uC9hZzUJaeFwnwa4yNJat10T+goiYYkrmSBniU="},"body":{"resultInfo":{"resultStatus":"S","resultCode":"0000","resultMsg":"Success"},"txnToken":"4aee0212b251427bbbd7d9ab965e31211647092671152","isPromoCodeValid":false,"authenticated":false}}
[2022-03-12T13:45:48.444Z] [PAYTM] INFO [NODE-SDK1.0.0] <MerchantProperties>: initialize called
[2022-03-12T13:45:48.445Z] [PAYTM] INFO [NODE-SDK1.0.0] <MerchantProperties>: Setting Environment for STAGE
[2022-03-12T13:46:08.315Z] [PAYTM] INFO [NODE-SDK:1.0.0:80420c34-2115-4d90-a27f-a97b885d131a] <Payment>: In createTxnToken PaymentDetail: {"channelId":"WEB","orderId":"KZ86WF7MGX","txnAmount":{"currency":"INR","value":"10.00"},"userInfo":{"custId":"TYLUNOXKR9","email":"a@ieee.org","firstName":"a","lastName":"a","mobile":"123456"},"readTimeout":80000}
[2022-03-12T13:46:08.315Z] [PAYTM] INFO [NODE-SDK:1.0.0:80420c34-2115-4d90-a27f-a97b885d131a] <Payment>: validatePaymentDetailsObject for object: {"channelId":"WEB","orderId":"KZ86WF7MGX","txnAmount":{"currency":"INR","value":"10.00"},"userInfo":{"custId":"TYLUNOXKR9","email":"a@ieee.org","firstName":"a","lastName":"a","mobile":"123456"},"readTimeout":80000}
[2022-03-12T13:46:08.315Z] [PAYTM] INFO [NODE-SDK:1.0.0:80420c34-2115-4d90-a27f-a97b885d131a] <Payment>:  validatePaymentDetailsObject returns true 
[2022-03-12T13:46:08.315Z] [PAYTM] INFO [NODE-SDK:1.0.0:80420c34-2115-4d90-a27f-a97b885d131a] <CommonUtil>: In getSecureRequestHeader
[2022-03-12T13:46:08.316Z] [PAYTM] INFO [NODE-SDK:1.0.0:80420c34-2115-4d90-a27f-a97b885d131a] <Payment>: InitiateTransactionRequest object {"head":{"version":"v2","channelId":"WEB","requestTimestamp":"1647092768315","signature":null},"body":{"requestType":"Payment","mid":"ciXcUt86833610141591","orderId":"KZ86WF7MGX","websiteName":"C1","txnAmount":{"currency":"INR","value":"10.00"},"userInfo":{"custId":"TYLUNOXKR9","email":"a@ieee.org","firstName":"a","lastName":"a","mobile":"123456"},"callbackUrl":"http://localhost:5000/callback"}}
[2022-03-12T13:46:08.316Z] [PAYTM] INFO [NODE-SDK:1.0.0:80420c34-2115-4d90-a27f-a97b885d131a] <EncDecUtil>: generateSignature() called
[2022-03-12T13:46:08.316Z] [PAYTM] INFO [NODE-SDK:1.0.0:80420c34-2115-4d90-a27f-a97b885d131a] <EncDecUtil>: generateRandomString() called
[2022-03-12T13:46:08.317Z] [PAYTM] INFO [NODE-SDK:1.0.0:80420c34-2115-4d90-a27f-a97b885d131a] <EncDecUtil>: generateSalt returns: zmUm
[2022-03-12T13:46:08.317Z] [PAYTM] INFO [NODE-SDK:1.0.0:80420c34-2115-4d90-a27f-a97b885d131a] <EncDecUtil>: getChecksumFromString returns: rEUSGmT+HCvuX20L+pyU0/z1tMtaDVlE4R7Zym7r7j15bQZm8rz/tt7pXhSmc7T4t3+O3T5+IT1EqZjL43vuwU1ltqIy9ZnTylyep7pm8dU=
[2022-03-12T13:46:08.318Z] [PAYTM] INFO [NODE-SDK:1.0.0:80420c34-2115-4d90-a27f-a97b885d131a] <Request>: process for request: {"head":{"version":"v2","channelId":"WEB","requestTimestamp":"1647092768315","signature":"rEUSGmT+HCvuX20L+pyU0/z1tMtaDVlE4R7Zym7r7j15bQZm8rz/tt7pXhSmc7T4t3+O3T5+IT1EqZjL43vuwU1ltqIy9ZnTylyep7pm8dU="},"body":{"requestType":"Payment","mid":"ciXcUt86833610141591","orderId":"KZ86WF7MGX","websiteName":"C1","txnAmount":{"currency":"INR","value":"10.00"},"userInfo":{"custId":"TYLUNOXKR9","email":"a@ieee.org","firstName":"a","lastName":"a","mobile":"123456"},"callbackUrl":"http://localhost:5000/callback"}}
[2022-03-12T13:46:08.318Z] [PAYTM] INFO [NODE-SDK:1.0.0:80420c34-2115-4d90-a27f-a97b885d131a] <Request>: executeCurl called 
[2022-03-12T13:46:08.318Z] [PAYTM] INFO [NODE-SDK:1.0.0:80420c34-2115-4d90-a27f-a97b885d131a] <Request>: will make API call to: https://securegw-stage.paytm.in/theia/api/v1/initiateTransaction?mid=ciXcUt86833610141591&orderId=KZ86WF7MGX
[2022-03-12T13:46:08.947Z] [PAYTM] INFO [NODE-SDK:1.0.0:80420c34-2115-4d90-a27f-a97b885d131a] <Request>: API response received upon successful execution: {"head":{"responseTimestamp":"1647092768960","version":"v1","signature":"xHLj54crBdvQm3D6DGJnBMO23iTgDtdpjr0jN7URZUCb5EZ9UH8rxRfTzd1i6aWxU5vk94JXkOKrlbPD+kBPjK7oGhNldwhKQLNEDamhTO8="},"body":{"resultInfo":{"resultStatus":"S","resultCode":"0000","resultMsg":"Success"},"txnToken":"78b0b127e3d44ec5b955e2726f3717761647092768763","isPromoCodeValid":false,"authenticated":false}}
[2022-03-12T13:46:08.948Z] [PAYTM] INFO [NODE-SDK:1.0.0:80420c34-2115-4d90-a27f-a97b885d131a] <Request>: Raw Response: {"head":{"responseTimestamp":"1647092768960","version":"v1","signature":"xHLj54crBdvQm3D6DGJnBMO23iTgDtdpjr0jN7URZUCb5EZ9UH8rxRfTzd1i6aWxU5vk94JXkOKrlbPD+kBPjK7oGhNldwhKQLNEDamhTO8="},"body":{"resultInfo":{"resultStatus":"S","resultCode":"0000","resultMsg":"Success"},"txnToken":"78b0b127e3d44ec5b955e2726f3717761647092768763","isPromoCodeValid":false,"authenticated":false}}
[2022-03-12T13:46:08.948Z] [PAYTM] INFO [NODE-SDK:1.0.0:80420c34-2115-4d90-a27f-a97b885d131a] <Request>: Response Data Object: {"head":{"signature":"xHLj54crBdvQm3D6DGJnBMO23iTgDtdpjr0jN7URZUCb5EZ9UH8rxRfTzd1i6aWxU5vk94JXkOKrlbPD+kBPjK7oGhNldwhKQLNEDamhTO8=","responseTimestamp":"1647092768960","version":"v1"},"body":{"txnToken":"78b0b127e3d44ec5b955e2726f3717761647092768763","isPromoCodeValid":false,"resultInfo":{"resultStatus":"S","resultMsg":"Success","resultCode":"0000"},"extraParamsMap":{}}}
[2022-03-12T13:46:08.948Z] [PAYTM] INFO [NODE-SDK:1.0.0:80420c34-2115-4d90-a27f-a97b885d131a] <Request>: validating signature 
[2022-03-12T13:46:08.948Z] [PAYTM] INFO [NODE-SDK:1.0.0:80420c34-2115-4d90-a27f-a97b885d131a] <EncDecUtil>: verifyChecksumByString called()
[2022-03-12T13:46:08.949Z] [PAYTM] INFO [NODE-SDK:1.0.0:80420c34-2115-4d90-a27f-a97b885d131a] <EncDecUtil>: verifyChecksumByString returns: true
[2022-03-12T13:46:08.949Z] [PAYTM] INFO [NODE-SDK:1.0.0:80420c34-2115-4d90-a27f-a97b885d131a] <Request>: signature validation passed 
[2022-03-12T13:46:08.949Z] [PAYTM] INFO [NODE-SDK:1.0.0:80420c34-2115-4d90-a27f-a97b885d131a] <Request>: Execution completed with raw json response: {"head":{"responseTimestamp":"1647092768960","version":"v1","signature":"xHLj54crBdvQm3D6DGJnBMO23iTgDtdpjr0jN7URZUCb5EZ9UH8rxRfTzd1i6aWxU5vk94JXkOKrlbPD+kBPjK7oGhNldwhKQLNEDamhTO8="},"body":{"resultInfo":{"resultStatus":"S","resultCode":"0000","resultMsg":"Success"},"txnToken":"78b0b127e3d44ec5b955e2726f3717761647092768763","isPromoCodeValid":false,"authenticated":false}}
[2022-03-12T13:47:46.120Z] [PAYTM] INFO [NODE-SDK1.0.0] <MerchantProperties>: initialize called
[2022-03-12T13:47:46.121Z] [PAYTM] INFO [NODE-SDK1.0.0] <MerchantProperties>: Setting Environment for STAGE
[2022-03-12T13:48:11.632Z] [PAYTM] INFO [NODE-SDK:1.0.0:9ad8f304-5abd-4ebc-9c00-eabfbae7cb33] <Payment>: In createTxnToken PaymentDetail: {"channelId":"WEB","orderId":"R9MDEVW8RU","txnAmount":{"currency":"INR","value":"10.00"},"userInfo":{"custId":"VVXO3RJ9CM","email":"a@ieee.org","firstName":"A","lastName":"asd","mobile":"684"},"readTimeout":80000}
[2022-03-12T13:48:11.633Z] [PAYTM] INFO [NODE-SDK:1.0.0:9ad8f304-5abd-4ebc-9c00-eabfbae7cb33] <Payment>: validatePaymentDetailsObject for object: {"channelId":"WEB","orderId":"R9MDEVW8RU","txnAmount":{"currency":"INR","value":"10.00"},"userInfo":{"custId":"VVXO3RJ9CM","email":"a@ieee.org","firstName":"A","lastName":"asd","mobile":"684"},"readTimeout":80000}
[2022-03-12T13:48:11.633Z] [PAYTM] INFO [NODE-SDK:1.0.0:9ad8f304-5abd-4ebc-9c00-eabfbae7cb33] <Payment>:  validatePaymentDetailsObject returns true 
[2022-03-12T13:48:11.633Z] [PAYTM] INFO [NODE-SDK:1.0.0:9ad8f304-5abd-4ebc-9c00-eabfbae7cb33] <CommonUtil>: In getSecureRequestHeader
[2022-03-12T13:48:11.634Z] [PAYTM] INFO [NODE-SDK:1.0.0:9ad8f304-5abd-4ebc-9c00-eabfbae7cb33] <Payment>: InitiateTransactionRequest object {"head":{"version":"v2","channelId":"WEB","requestTimestamp":"1647092891634","signature":null},"body":{"requestType":"Payment","mid":"ciXcUt86833610141591","orderId":"R9MDEVW8RU","websiteName":"C1","txnAmount":{"currency":"INR","value":"10.00"},"userInfo":{"custId":"VVXO3RJ9CM","email":"a@ieee.org","firstName":"A","lastName":"asd","mobile":"684"},"callbackUrl":"http://localhost:3000/api/callback"}}
[2022-03-12T13:48:11.635Z] [PAYTM] INFO [NODE-SDK:1.0.0:9ad8f304-5abd-4ebc-9c00-eabfbae7cb33] <EncDecUtil>: generateSignature() called
[2022-03-12T13:48:11.635Z] [PAYTM] INFO [NODE-SDK:1.0.0:9ad8f304-5abd-4ebc-9c00-eabfbae7cb33] <EncDecUtil>: generateRandomString() called
[2022-03-12T13:48:11.635Z] [PAYTM] INFO [NODE-SDK:1.0.0:9ad8f304-5abd-4ebc-9c00-eabfbae7cb33] <EncDecUtil>: generateSalt returns: wItH
[2022-03-12T13:48:11.636Z] [PAYTM] INFO [NODE-SDK:1.0.0:9ad8f304-5abd-4ebc-9c00-eabfbae7cb33] <EncDecUtil>: getChecksumFromString returns: +r4q+QUooAjkDK9sBftyITcD6ma1ia0W6xajSWNONFuOkaYDNaH4UTybF36Y/rlZVkw5u9XBEu6hldJDEaaEspCNt+kxTJEA92IrSNzJTeM=
[2022-03-12T13:48:11.636Z] [PAYTM] INFO [NODE-SDK:1.0.0:9ad8f304-5abd-4ebc-9c00-eabfbae7cb33] <Request>: process for request: {"head":{"version":"v2","channelId":"WEB","requestTimestamp":"1647092891634","signature":"+r4q+QUooAjkDK9sBftyITcD6ma1ia0W6xajSWNONFuOkaYDNaH4UTybF36Y/rlZVkw5u9XBEu6hldJDEaaEspCNt+kxTJEA92IrSNzJTeM="},"body":{"requestType":"Payment","mid":"ciXcUt86833610141591","orderId":"R9MDEVW8RU","websiteName":"C1","txnAmount":{"currency":"INR","value":"10.00"},"userInfo":{"custId":"VVXO3RJ9CM","email":"a@ieee.org","firstName":"A","lastName":"asd","mobile":"684"},"callbackUrl":"http://localhost:3000/api/callback"}}
[2022-03-12T13:48:11.637Z] [PAYTM] INFO [NODE-SDK:1.0.0:9ad8f304-5abd-4ebc-9c00-eabfbae7cb33] <Request>: executeCurl called 
[2022-03-12T13:48:11.637Z] [PAYTM] INFO [NODE-SDK:1.0.0:9ad8f304-5abd-4ebc-9c00-eabfbae7cb33] <Request>: will make API call to: https://securegw-stage.paytm.in/theia/api/v1/initiateTransaction?mid=ciXcUt86833610141591&orderId=R9MDEVW8RU
[2022-03-12T13:48:11.933Z] [PAYTM] INFO [NODE-SDK:1.0.0:9ad8f304-5abd-4ebc-9c00-eabfbae7cb33] <Request>: API response received upon successful execution: {"head":{"responseTimestamp":"1647092891956","version":"v1","signature":"ZN53WK9QinE2761syrdxLRaR5BtxD2ydhcRbl4jBtbYR7qOju68u65KYNg7B30Ge0LAATZa5FeLbZ8UiHBeJPDUSm0ukkt5TqG1RuwlFphI="},"body":{"resultInfo":{"resultStatus":"S","resultCode":"0000","resultMsg":"Success"},"txnToken":"0665c10552924a49abe6a2795acd42101647092891846","isPromoCodeValid":false,"authenticated":false}}
[2022-03-12T13:48:11.933Z] [PAYTM] INFO [NODE-SDK:1.0.0:9ad8f304-5abd-4ebc-9c00-eabfbae7cb33] <Request>: Raw Response: {"head":{"responseTimestamp":"1647092891956","version":"v1","signature":"ZN53WK9QinE2761syrdxLRaR5BtxD2ydhcRbl4jBtbYR7qOju68u65KYNg7B30Ge0LAATZa5FeLbZ8UiHBeJPDUSm0ukkt5TqG1RuwlFphI="},"body":{"resultInfo":{"resultStatus":"S","resultCode":"0000","resultMsg":"Success"},"txnToken":"0665c10552924a49abe6a2795acd42101647092891846","isPromoCodeValid":false,"authenticated":false}}
[2022-03-12T13:48:11.933Z] [PAYTM] INFO [NODE-SDK:1.0.0:9ad8f304-5abd-4ebc-9c00-eabfbae7cb33] <Request>: Response Data Object: {"head":{"signature":"ZN53WK9QinE2761syrdxLRaR5BtxD2ydhcRbl4jBtbYR7qOju68u65KYNg7B30Ge0LAATZa5FeLbZ8UiHBeJPDUSm0ukkt5TqG1RuwlFphI=","responseTimestamp":"1647092891956","version":"v1"},"body":{"txnToken":"0665c10552924a49abe6a2795acd42101647092891846","isPromoCodeValid":false,"resultInfo":{"resultStatus":"S","resultMsg":"Success","resultCode":"0000"},"extraParamsMap":{}}}
[2022-03-12T13:48:11.934Z] [PAYTM] INFO [NODE-SDK:1.0.0:9ad8f304-5abd-4ebc-9c00-eabfbae7cb33] <Request>: validating signature 
[2022-03-12T13:48:11.934Z] [PAYTM] INFO [NODE-SDK:1.0.0:9ad8f304-5abd-4ebc-9c00-eabfbae7cb33] <EncDecUtil>: verifyChecksumByString called()
[2022-03-12T13:48:11.934Z] [PAYTM] INFO [NODE-SDK:1.0.0:9ad8f304-5abd-4ebc-9c00-eabfbae7cb33] <EncDecUtil>: verifyChecksumByString returns: true
[2022-03-12T13:48:11.934Z] [PAYTM] INFO [NODE-SDK:1.0.0:9ad8f304-5abd-4ebc-9c00-eabfbae7cb33] <Request>: signature validation passed 
[2022-03-12T13:48:11.934Z] [PAYTM] INFO [NODE-SDK:1.0.0:9ad8f304-5abd-4ebc-9c00-eabfbae7cb33] <Request>: Execution completed with raw json response: {"head":{"responseTimestamp":"1647092891956","version":"v1","signature":"ZN53WK9QinE2761syrdxLRaR5BtxD2ydhcRbl4jBtbYR7qOju68u65KYNg7B30Ge0LAATZa5FeLbZ8UiHBeJPDUSm0ukkt5TqG1RuwlFphI="},"body":{"resultInfo":{"resultStatus":"S","resultCode":"0000","resultMsg":"Success"},"txnToken":"0665c10552924a49abe6a2795acd42101647092891846","isPromoCodeValid":false,"authenticated":false}}
[2022-03-12T13:49:22.112Z] [PAYTM] INFO [NODE-SDK:1.0.0:c49ca2d5-2162-47ad-a34e-6b205a4b8657] <Payment>: In getPaymentStatus PaymentStatusDetail: {"orderId":"6GXCL6VY1M","readTimeout":80000}
[2022-03-12T13:49:22.112Z] [PAYTM] INFO [NODE-SDK:1.0.0:c49ca2d5-2162-47ad-a34e-6b205a4b8657] <Payment>: validatePaymentStatusDetailObject for request: {"orderId":"6GXCL6VY1M","readTimeout":80000}
[2022-03-12T13:49:22.112Z] [PAYTM] INFO [NODE-SDK:1.0.0:c49ca2d5-2162-47ad-a34e-6b205a4b8657] <Payment>:  validatePaymentStatusDetailObject returns true 
[2022-03-12T13:49:22.112Z] [PAYTM] INFO [NODE-SDK:1.0.0:c49ca2d5-2162-47ad-a34e-6b205a4b8657] <CommonUtil>: In getSecureRequestHeader
[2022-03-12T13:49:22.113Z] [PAYTM] INFO [NODE-SDK:1.0.0:c49ca2d5-2162-47ad-a34e-6b205a4b8657] <Payment>: NativePaymentStatusRequest object {"head":{"version":"v2","channelId":null,"requestTimestamp":"1647092962112","workFlow":null,"signature":null},"body":{"mid":"ciXcUt86833610141591","orderId":"6GXCL6VY1M"}}
[2022-03-12T13:49:22.113Z] [PAYTM] INFO [NODE-SDK:1.0.0:c49ca2d5-2162-47ad-a34e-6b205a4b8657] <EncDecUtil>: generateSignature() called
[2022-03-12T13:49:22.113Z] [PAYTM] INFO [NODE-SDK:1.0.0:c49ca2d5-2162-47ad-a34e-6b205a4b8657] <EncDecUtil>: generateRandomString() called
[2022-03-12T13:49:22.113Z] [PAYTM] INFO [NODE-SDK:1.0.0:c49ca2d5-2162-47ad-a34e-6b205a4b8657] <EncDecUtil>: generateSalt returns: lIXh
[2022-03-12T13:49:22.113Z] [PAYTM] INFO [NODE-SDK:1.0.0:c49ca2d5-2162-47ad-a34e-6b205a4b8657] <EncDecUtil>: getChecksumFromString returns: O9n/Wc1/w9e8ceq5J4Fe8MaVkne2WnL1FCJBFphSA4u93iNjpfdqyhYFdBZ/DptGiJEetXloizcbedue9KRoTWRaGoJFJTu6W9hQjKsApyY=
[2022-03-12T13:49:22.113Z] [PAYTM] INFO [NODE-SDK:1.0.0:c49ca2d5-2162-47ad-a34e-6b205a4b8657] <Request>: process for request: {"head":{"version":"v2","channelId":null,"requestTimestamp":"1647092962112","workFlow":null,"signature":"O9n/Wc1/w9e8ceq5J4Fe8MaVkne2WnL1FCJBFphSA4u93iNjpfdqyhYFdBZ/DptGiJEetXloizcbedue9KRoTWRaGoJFJTu6W9hQjKsApyY="},"body":{"mid":"ciXcUt86833610141591","orderId":"6GXCL6VY1M"}}
[2022-03-12T13:49:22.113Z] [PAYTM] INFO [NODE-SDK:1.0.0:c49ca2d5-2162-47ad-a34e-6b205a4b8657] <Request>: executeCurl called 
[2022-03-12T13:49:22.113Z] [PAYTM] INFO [NODE-SDK:1.0.0:c49ca2d5-2162-47ad-a34e-6b205a4b8657] <Request>: will make API call to: https://securegw-stage.paytm.in/merchant-status/api/v1/getPaymentStatus
[2022-03-12T13:49:22.494Z] [PAYTM] INFO [NODE-SDK:1.0.0:c49ca2d5-2162-47ad-a34e-6b205a4b8657] <Request>: API response received upon successful execution: {"head":{"responseTimestamp":"1647092962522","version":"v1","signature":"dJnzoZ0ehlgftKqqImnewzU3uc6aVwya8brdwRFdo7Ro+vVJKFLCBEY7qNyV+8plio/rjEenRF+/Ql3GRibI7Yvz96dm7UOLDY1FYJZqIAg="},"body":{"resultInfo":{"resultStatus":"TXN_SUCCESS","resultCode":"01","resultMsg":"Txn Success"},"txnId":"20220312111212800110168059103516464","bankTxnId":"13536213818","orderId":"6GXCL6VY1M","txnAmount":"10.00","txnType":"SALE","gatewayName":"HDFC","bankName":"HDFC Bank","mid":"ciXcUt86833610141591","paymentMode":"NB","refundAmt":"0.00","txnDate":"2022-03-12 08:25:50.0"}}
[2022-03-12T13:49:22.494Z] [PAYTM] INFO [NODE-SDK:1.0.0:c49ca2d5-2162-47ad-a34e-6b205a4b8657] <Request>: Raw Response: {"head":{"responseTimestamp":"1647092962522","version":"v1","signature":"dJnzoZ0ehlgftKqqImnewzU3uc6aVwya8brdwRFdo7Ro+vVJKFLCBEY7qNyV+8plio/rjEenRF+/Ql3GRibI7Yvz96dm7UOLDY1FYJZqIAg="},"body":{"resultInfo":{"resultStatus":"TXN_SUCCESS","resultCode":"01","resultMsg":"Txn Success"},"txnId":"20220312111212800110168059103516464","bankTxnId":"13536213818","orderId":"6GXCL6VY1M","txnAmount":"10.00","txnType":"SALE","gatewayName":"HDFC","bankName":"HDFC Bank","mid":"ciXcUt86833610141591","paymentMode":"NB","refundAmt":"0.00","txnDate":"2022-03-12 08:25:50.0"}}
[2022-03-12T13:49:22.495Z] [PAYTM] INFO [NODE-SDK:1.0.0:c49ca2d5-2162-47ad-a34e-6b205a4b8657] <Request>: Response Data Object: {"head":{"signature":"dJnzoZ0ehlgftKqqImnewzU3uc6aVwya8brdwRFdo7Ro+vVJKFLCBEY7qNyV+8plio/rjEenRF+/Ql3GRibI7Yvz96dm7UOLDY1FYJZqIAg=","responseTimestamp":"1647092962522","version":"v1"},"body":{"txnId":"20220312111212800110168059103516464","bankTxnId":"13536213818","orderId":"6GXCL6VY1M","txnAmount":"10.00","txnType":"SALE","gatewayName":"HDFC","bankName":"HDFC Bank","mid":"ciXcUt86833610141591","paymentMode":"NB","refundAmt":"0.00","txnDate":"2022-03-12 08:25:50.0","resultInfo":{"resultStatus":"TXN_SUCCESS","resultMsg":"Txn Success","resultCode":"01"},"extraParamsMap":{}}}
[2022-03-12T13:49:22.495Z] [PAYTM] INFO [NODE-SDK:1.0.0:c49ca2d5-2162-47ad-a34e-6b205a4b8657] <Request>: validating signature 
[2022-03-12T13:49:22.495Z] [PAYTM] INFO [NODE-SDK:1.0.0:c49ca2d5-2162-47ad-a34e-6b205a4b8657] <EncDecUtil>: verifyChecksumByString called()
[2022-03-12T13:49:22.495Z] [PAYTM] INFO [NODE-SDK:1.0.0:c49ca2d5-2162-47ad-a34e-6b205a4b8657] <EncDecUtil>: verifyChecksumByString returns: true
[2022-03-12T13:49:22.495Z] [PAYTM] INFO [NODE-SDK:1.0.0:c49ca2d5-2162-47ad-a34e-6b205a4b8657] <Request>: signature validation passed 
[2022-03-12T13:49:22.495Z] [PAYTM] INFO [NODE-SDK:1.0.0:c49ca2d5-2162-47ad-a34e-6b205a4b8657] <Request>: Execution completed with raw json response: {"head":{"responseTimestamp":"1647092962522","version":"v1","signature":"dJnzoZ0ehlgftKqqImnewzU3uc6aVwya8brdwRFdo7Ro+vVJKFLCBEY7qNyV+8plio/rjEenRF+/Ql3GRibI7Yvz96dm7UOLDY1FYJZqIAg="},"body":{"resultInfo":{"resultStatus":"TXN_SUCCESS","resultCode":"01","resultMsg":"Txn Success"},"txnId":"20220312111212800110168059103516464","bankTxnId":"13536213818","orderId":"6GXCL6VY1M","txnAmount":"10.00","txnType":"SALE","gatewayName":"HDFC","bankName":"HDFC Bank","mid":"ciXcUt86833610141591","paymentMode":"NB","refundAmt":"0.00","txnDate":"2022-03-12 08:25:50.0"}}
[2022-03-12T13:49:39.415Z] [PAYTM] INFO [NODE-SDK:1.0.0:59c3c0d3-51ba-463b-9585-24982ca95504] <Payment>: In getPaymentStatus PaymentStatusDetail: {"orderId":"6GXCL6VY1M","readTimeout":80000}
[2022-03-12T13:49:39.415Z] [PAYTM] INFO [NODE-SDK:1.0.0:59c3c0d3-51ba-463b-9585-24982ca95504] <Payment>: validatePaymentStatusDetailObject for request: {"orderId":"6GXCL6VY1M","readTimeout":80000}
[2022-03-12T13:49:39.415Z] [PAYTM] INFO [NODE-SDK:1.0.0:59c3c0d3-51ba-463b-9585-24982ca95504] <Payment>:  validatePaymentStatusDetailObject returns true 
[2022-03-12T13:49:39.415Z] [PAYTM] INFO [NODE-SDK:1.0.0:59c3c0d3-51ba-463b-9585-24982ca95504] <CommonUtil>: In getSecureRequestHeader
[2022-03-12T13:49:39.415Z] [PAYTM] INFO [NODE-SDK:1.0.0:59c3c0d3-51ba-463b-9585-24982ca95504] <Payment>: NativePaymentStatusRequest object {"head":{"version":"v2","channelId":null,"requestTimestamp":"1647092979415","workFlow":null,"signature":null},"body":{"mid":"ciXcUt86833610141591","orderId":"6GXCL6VY1M"}}
[2022-03-12T13:49:39.415Z] [PAYTM] INFO [NODE-SDK:1.0.0:59c3c0d3-51ba-463b-9585-24982ca95504] <EncDecUtil>: generateSignature() called
[2022-03-12T13:49:39.415Z] [PAYTM] INFO [NODE-SDK:1.0.0:59c3c0d3-51ba-463b-9585-24982ca95504] <EncDecUtil>: generateRandomString() called
[2022-03-12T13:49:39.415Z] [PAYTM] INFO [NODE-SDK:1.0.0:59c3c0d3-51ba-463b-9585-24982ca95504] <EncDecUtil>: generateSalt returns: WPnl
[2022-03-12T13:49:39.415Z] [PAYTM] INFO [NODE-SDK:1.0.0:59c3c0d3-51ba-463b-9585-24982ca95504] <EncDecUtil>: getChecksumFromString returns: azoYl5nRL3F7vnywo3zS1k/y0A9cKhzk87CzuzPI8SejxIv+b//ayf1i+DDblG5aOT0oDPB1wiaxuIajv/ythcNxc5sQm9X84H2+b0fOTEM=
[2022-03-12T13:49:39.415Z] [PAYTM] INFO [NODE-SDK:1.0.0:59c3c0d3-51ba-463b-9585-24982ca95504] <Request>: process for request: {"head":{"version":"v2","channelId":null,"requestTimestamp":"1647092979415","workFlow":null,"signature":"azoYl5nRL3F7vnywo3zS1k/y0A9cKhzk87CzuzPI8SejxIv+b//ayf1i+DDblG5aOT0oDPB1wiaxuIajv/ythcNxc5sQm9X84H2+b0fOTEM="},"body":{"mid":"ciXcUt86833610141591","orderId":"6GXCL6VY1M"}}
[2022-03-12T13:49:39.416Z] [PAYTM] INFO [NODE-SDK:1.0.0:59c3c0d3-51ba-463b-9585-24982ca95504] <Request>: executeCurl called 
[2022-03-12T13:49:39.416Z] [PAYTM] INFO [NODE-SDK:1.0.0:59c3c0d3-51ba-463b-9585-24982ca95504] <Request>: will make API call to: https://securegw-stage.paytm.in/merchant-status/api/v1/getPaymentStatus
[2022-03-12T13:49:39.640Z] [PAYTM] INFO [NODE-SDK:1.0.0:59c3c0d3-51ba-463b-9585-24982ca95504] <Request>: API response received upon successful execution: {"head":{"responseTimestamp":"1647092979663","version":"v1","signature":"st/JiEm1/4WganMNnUEwXhWERJGzjkQtLGXCpya9k0Ppja6cDHV4mYPYeJQsNFqNXxrPbM/MeKCV0sv6u41/+b5jotdB8FCLHtxov5yOTHA="},"body":{"resultInfo":{"resultStatus":"TXN_SUCCESS","resultCode":"01","resultMsg":"Txn Success"},"txnId":"20220312111212800110168059103516464","bankTxnId":"13536213818","orderId":"6GXCL6VY1M","txnAmount":"10.00","txnType":"SALE","gatewayName":"HDFC","bankName":"HDFC Bank","mid":"ciXcUt86833610141591","paymentMode":"NB","refundAmt":"0.00","txnDate":"2022-03-12 08:25:50.0"}}
[2022-03-12T13:49:39.640Z] [PAYTM] INFO [NODE-SDK:1.0.0:59c3c0d3-51ba-463b-9585-24982ca95504] <Request>: Raw Response: {"head":{"responseTimestamp":"1647092979663","version":"v1","signature":"st/JiEm1/4WganMNnUEwXhWERJGzjkQtLGXCpya9k0Ppja6cDHV4mYPYeJQsNFqNXxrPbM/MeKCV0sv6u41/+b5jotdB8FCLHtxov5yOTHA="},"body":{"resultInfo":{"resultStatus":"TXN_SUCCESS","resultCode":"01","resultMsg":"Txn Success"},"txnId":"20220312111212800110168059103516464","bankTxnId":"13536213818","orderId":"6GXCL6VY1M","txnAmount":"10.00","txnType":"SALE","gatewayName":"HDFC","bankName":"HDFC Bank","mid":"ciXcUt86833610141591","paymentMode":"NB","refundAmt":"0.00","txnDate":"2022-03-12 08:25:50.0"}}
[2022-03-12T13:49:39.640Z] [PAYTM] INFO [NODE-SDK:1.0.0:59c3c0d3-51ba-463b-9585-24982ca95504] <Request>: Response Data Object: {"head":{"signature":"st/JiEm1/4WganMNnUEwXhWERJGzjkQtLGXCpya9k0Ppja6cDHV4mYPYeJQsNFqNXxrPbM/MeKCV0sv6u41/+b5jotdB8FCLHtxov5yOTHA=","responseTimestamp":"1647092979663","version":"v1"},"body":{"txnId":"20220312111212800110168059103516464","bankTxnId":"13536213818","orderId":"6GXCL6VY1M","txnAmount":"10.00","txnType":"SALE","gatewayName":"HDFC","bankName":"HDFC Bank","mid":"ciXcUt86833610141591","paymentMode":"NB","refundAmt":"0.00","txnDate":"2022-03-12 08:25:50.0","resultInfo":{"resultStatus":"TXN_SUCCESS","resultMsg":"Txn Success","resultCode":"01"},"extraParamsMap":{}}}
[2022-03-12T13:49:39.640Z] [PAYTM] INFO [NODE-SDK:1.0.0:59c3c0d3-51ba-463b-9585-24982ca95504] <Request>: validating signature 
[2022-03-12T13:49:39.640Z] [PAYTM] INFO [NODE-SDK:1.0.0:59c3c0d3-51ba-463b-9585-24982ca95504] <EncDecUtil>: verifyChecksumByString called()
[2022-03-12T13:49:39.640Z] [PAYTM] INFO [NODE-SDK:1.0.0:59c3c0d3-51ba-463b-9585-24982ca95504] <EncDecUtil>: verifyChecksumByString returns: true
[2022-03-12T13:49:39.641Z] [PAYTM] INFO [NODE-SDK:1.0.0:59c3c0d3-51ba-463b-9585-24982ca95504] <Request>: signature validation passed 
[2022-03-12T13:49:39.641Z] [PAYTM] INFO [NODE-SDK:1.0.0:59c3c0d3-51ba-463b-9585-24982ca95504] <Request>: Execution completed with raw json response: {"head":{"responseTimestamp":"1647092979663","version":"v1","signature":"st/JiEm1/4WganMNnUEwXhWERJGzjkQtLGXCpya9k0Ppja6cDHV4mYPYeJQsNFqNXxrPbM/MeKCV0sv6u41/+b5jotdB8FCLHtxov5yOTHA="},"body":{"resultInfo":{"resultStatus":"TXN_SUCCESS","resultCode":"01","resultMsg":"Txn Success"},"txnId":"20220312111212800110168059103516464","bankTxnId":"13536213818","orderId":"6GXCL6VY1M","txnAmount":"10.00","txnType":"SALE","gatewayName":"HDFC","bankName":"HDFC Bank","mid":"ciXcUt86833610141591","paymentMode":"NB","refundAmt":"0.00","txnDate":"2022-03-12 08:25:50.0"}}
[2022-03-12T13:50:37.755Z] [PAYTM] INFO [NODE-SDK:1.0.0:8c5a00ed-b86a-4bd1-b349-77bac318bedb] <Payment>: In getPaymentStatus PaymentStatusDetail: {"orderId":"6GXCL6VY1M","readTimeout":80000}
[2022-03-12T13:50:37.755Z] [PAYTM] INFO [NODE-SDK:1.0.0:8c5a00ed-b86a-4bd1-b349-77bac318bedb] <Payment>: validatePaymentStatusDetailObject for request: {"orderId":"6GXCL6VY1M","readTimeout":80000}
[2022-03-12T13:50:37.755Z] [PAYTM] INFO [NODE-SDK:1.0.0:8c5a00ed-b86a-4bd1-b349-77bac318bedb] <Payment>:  validatePaymentStatusDetailObject returns true 
[2022-03-12T13:50:37.755Z] [PAYTM] INFO [NODE-SDK:1.0.0:8c5a00ed-b86a-4bd1-b349-77bac318bedb] <CommonUtil>: In getSecureRequestHeader
[2022-03-12T13:50:37.755Z] [PAYTM] INFO [NODE-SDK:1.0.0:8c5a00ed-b86a-4bd1-b349-77bac318bedb] <Payment>: NativePaymentStatusRequest object {"head":{"version":"v2","channelId":null,"requestTimestamp":"1647093037755","workFlow":null,"signature":null},"body":{"mid":"ciXcUt86833610141591","orderId":"6GXCL6VY1M"}}
[2022-03-12T13:50:37.755Z] [PAYTM] INFO [NODE-SDK:1.0.0:8c5a00ed-b86a-4bd1-b349-77bac318bedb] <EncDecUtil>: generateSignature() called
[2022-03-12T13:50:37.755Z] [PAYTM] INFO [NODE-SDK:1.0.0:8c5a00ed-b86a-4bd1-b349-77bac318bedb] <EncDecUtil>: generateRandomString() called
[2022-03-12T13:50:37.755Z] [PAYTM] INFO [NODE-SDK:1.0.0:8c5a00ed-b86a-4bd1-b349-77bac318bedb] <EncDecUtil>: generateSalt returns: QbIK
[2022-03-12T13:50:37.755Z] [PAYTM] INFO [NODE-SDK:1.0.0:8c5a00ed-b86a-4bd1-b349-77bac318bedb] <EncDecUtil>: getChecksumFromString returns: ENRh/GxvYY2NBmGix/XxPICosL9OXd9jTJ33V9ZqXnJrSoogjsv/hybXci5xhhwQv58HEqGSLq6TjFMSvTjfym5DFX2Hr9uUEZdXVXUQL6I=
[2022-03-12T13:50:37.755Z] [PAYTM] INFO [NODE-SDK:1.0.0:8c5a00ed-b86a-4bd1-b349-77bac318bedb] <Request>: process for request: {"head":{"version":"v2","channelId":null,"requestTimestamp":"1647093037755","workFlow":null,"signature":"ENRh/GxvYY2NBmGix/XxPICosL9OXd9jTJ33V9ZqXnJrSoogjsv/hybXci5xhhwQv58HEqGSLq6TjFMSvTjfym5DFX2Hr9uUEZdXVXUQL6I="},"body":{"mid":"ciXcUt86833610141591","orderId":"6GXCL6VY1M"}}
[2022-03-12T13:50:37.755Z] [PAYTM] INFO [NODE-SDK:1.0.0:8c5a00ed-b86a-4bd1-b349-77bac318bedb] <Request>: executeCurl called 
[2022-03-12T13:50:37.755Z] [PAYTM] INFO [NODE-SDK:1.0.0:8c5a00ed-b86a-4bd1-b349-77bac318bedb] <Request>: will make API call to: https://securegw-stage.paytm.in/merchant-status/api/v1/getPaymentStatus
[2022-03-12T13:50:38.010Z] [PAYTM] INFO [NODE-SDK:1.0.0:8c5a00ed-b86a-4bd1-b349-77bac318bedb] <Request>: API response received upon successful execution: {"head":{"responseTimestamp":"1647093038038","version":"v1","signature":"oHMgWCMJuCfCuQl9XkDPoxHVig0XmZ9Z4GSQ2pB1oIeQ14AvP0jri/8dEKtrftXA6iwgkDdI69HQF7ZcSAsAhvdrCv96KgvUZEPQ5htV5UY="},"body":{"resultInfo":{"resultStatus":"TXN_SUCCESS","resultCode":"01","resultMsg":"Txn Success"},"txnId":"20220312111212800110168059103516464","bankTxnId":"13536213818","orderId":"6GXCL6VY1M","txnAmount":"10.00","txnType":"SALE","gatewayName":"HDFC","bankName":"HDFC Bank","mid":"ciXcUt86833610141591","paymentMode":"NB","refundAmt":"0.00","txnDate":"2022-03-12 08:25:50.0"}}
[2022-03-12T13:50:38.011Z] [PAYTM] INFO [NODE-SDK:1.0.0:8c5a00ed-b86a-4bd1-b349-77bac318bedb] <Request>: Raw Response: {"head":{"responseTimestamp":"1647093038038","version":"v1","signature":"oHMgWCMJuCfCuQl9XkDPoxHVig0XmZ9Z4GSQ2pB1oIeQ14AvP0jri/8dEKtrftXA6iwgkDdI69HQF7ZcSAsAhvdrCv96KgvUZEPQ5htV5UY="},"body":{"resultInfo":{"resultStatus":"TXN_SUCCESS","resultCode":"01","resultMsg":"Txn Success"},"txnId":"20220312111212800110168059103516464","bankTxnId":"13536213818","orderId":"6GXCL6VY1M","txnAmount":"10.00","txnType":"SALE","gatewayName":"HDFC","bankName":"HDFC Bank","mid":"ciXcUt86833610141591","paymentMode":"NB","refundAmt":"0.00","txnDate":"2022-03-12 08:25:50.0"}}
[2022-03-12T13:50:38.011Z] [PAYTM] INFO [NODE-SDK:1.0.0:8c5a00ed-b86a-4bd1-b349-77bac318bedb] <Request>: Response Data Object: {"head":{"signature":"oHMgWCMJuCfCuQl9XkDPoxHVig0XmZ9Z4GSQ2pB1oIeQ14AvP0jri/8dEKtrftXA6iwgkDdI69HQF7ZcSAsAhvdrCv96KgvUZEPQ5htV5UY=","responseTimestamp":"1647093038038","version":"v1"},"body":{"txnId":"20220312111212800110168059103516464","bankTxnId":"13536213818","orderId":"6GXCL6VY1M","txnAmount":"10.00","txnType":"SALE","gatewayName":"HDFC","bankName":"HDFC Bank","mid":"ciXcUt86833610141591","paymentMode":"NB","refundAmt":"0.00","txnDate":"2022-03-12 08:25:50.0","resultInfo":{"resultStatus":"TXN_SUCCESS","resultMsg":"Txn Success","resultCode":"01"},"extraParamsMap":{}}}
[2022-03-12T13:50:38.011Z] [PAYTM] INFO [NODE-SDK:1.0.0:8c5a00ed-b86a-4bd1-b349-77bac318bedb] <Request>: validating signature 
[2022-03-12T13:50:38.011Z] [PAYTM] INFO [NODE-SDK:1.0.0:8c5a00ed-b86a-4bd1-b349-77bac318bedb] <EncDecUtil>: verifyChecksumByString called()
[2022-03-12T13:50:38.011Z] [PAYTM] INFO [NODE-SDK:1.0.0:8c5a00ed-b86a-4bd1-b349-77bac318bedb] <EncDecUtil>: verifyChecksumByString returns: true
[2022-03-12T13:50:38.011Z] [PAYTM] INFO [NODE-SDK:1.0.0:8c5a00ed-b86a-4bd1-b349-77bac318bedb] <Request>: signature validation passed 
[2022-03-12T13:50:38.011Z] [PAYTM] INFO [NODE-SDK:1.0.0:8c5a00ed-b86a-4bd1-b349-77bac318bedb] <Request>: Execution completed with raw json response: {"head":{"responseTimestamp":"1647093038038","version":"v1","signature":"oHMgWCMJuCfCuQl9XkDPoxHVig0XmZ9Z4GSQ2pB1oIeQ14AvP0jri/8dEKtrftXA6iwgkDdI69HQF7ZcSAsAhvdrCv96KgvUZEPQ5htV5UY="},"body":{"resultInfo":{"resultStatus":"TXN_SUCCESS","resultCode":"01","resultMsg":"Txn Success"},"txnId":"20220312111212800110168059103516464","bankTxnId":"13536213818","orderId":"6GXCL6VY1M","txnAmount":"10.00","txnType":"SALE","gatewayName":"HDFC","bankName":"HDFC Bank","mid":"ciXcUt86833610141591","paymentMode":"NB","refundAmt":"0.00","txnDate":"2022-03-12 08:25:50.0"}}
[2022-03-12T13:50:52.079Z] [PAYTM] INFO [NODE-SDK:1.0.0:51259d5e-7b9a-49c6-a80d-70402db694ca] <Payment>: In getPaymentStatus PaymentStatusDetail: {"orderId":"6GXCL6VY1M","readTimeout":80000}
[2022-03-12T13:50:52.079Z] [PAYTM] INFO [NODE-SDK:1.0.0:51259d5e-7b9a-49c6-a80d-70402db694ca] <Payment>: validatePaymentStatusDetailObject for request: {"orderId":"6GXCL6VY1M","readTimeout":80000}
[2022-03-12T13:50:52.079Z] [PAYTM] INFO [NODE-SDK:1.0.0:51259d5e-7b9a-49c6-a80d-70402db694ca] <Payment>:  validatePaymentStatusDetailObject returns true 
[2022-03-12T13:50:52.080Z] [PAYTM] INFO [NODE-SDK:1.0.0:51259d5e-7b9a-49c6-a80d-70402db694ca] <CommonUtil>: In getSecureRequestHeader
[2022-03-12T13:50:52.080Z] [PAYTM] INFO [NODE-SDK:1.0.0:51259d5e-7b9a-49c6-a80d-70402db694ca] <Payment>: NativePaymentStatusRequest object {"head":{"version":"v2","channelId":null,"requestTimestamp":"1647093052080","workFlow":null,"signature":null},"body":{"mid":"ciXcUt86833610141591","orderId":"6GXCL6VY1M"}}
[2022-03-12T13:50:52.080Z] [PAYTM] INFO [NODE-SDK:1.0.0:51259d5e-7b9a-49c6-a80d-70402db694ca] <EncDecUtil>: generateSignature() called
[2022-03-12T13:50:52.080Z] [PAYTM] INFO [NODE-SDK:1.0.0:51259d5e-7b9a-49c6-a80d-70402db694ca] <EncDecUtil>: generateRandomString() called
[2022-03-12T13:50:52.080Z] [PAYTM] INFO [NODE-SDK:1.0.0:51259d5e-7b9a-49c6-a80d-70402db694ca] <EncDecUtil>: generateSalt returns: w7Dt
[2022-03-12T13:50:52.080Z] [PAYTM] INFO [NODE-SDK:1.0.0:51259d5e-7b9a-49c6-a80d-70402db694ca] <EncDecUtil>: getChecksumFromString returns: bNoUojmLL+RJwwE9qSuadWJClPrImApR8DdRjTiJXFOaba1zlR5jBKDKYPPRVjhgUJCe0OFJHXftAgxXT9E24IMXuyNcXf5HwxdgoFY6L2s=
[2022-03-12T13:50:52.080Z] [PAYTM] INFO [NODE-SDK:1.0.0:51259d5e-7b9a-49c6-a80d-70402db694ca] <Request>: process for request: {"head":{"version":"v2","channelId":null,"requestTimestamp":"1647093052080","workFlow":null,"signature":"bNoUojmLL+RJwwE9qSuadWJClPrImApR8DdRjTiJXFOaba1zlR5jBKDKYPPRVjhgUJCe0OFJHXftAgxXT9E24IMXuyNcXf5HwxdgoFY6L2s="},"body":{"mid":"ciXcUt86833610141591","orderId":"6GXCL6VY1M"}}
[2022-03-12T13:50:52.080Z] [PAYTM] INFO [NODE-SDK:1.0.0:51259d5e-7b9a-49c6-a80d-70402db694ca] <Request>: executeCurl called 
[2022-03-12T13:50:52.080Z] [PAYTM] INFO [NODE-SDK:1.0.0:51259d5e-7b9a-49c6-a80d-70402db694ca] <Request>: will make API call to: https://securegw-stage.paytm.in/merchant-status/api/v1/getPaymentStatus
[2022-03-12T13:50:52.312Z] [PAYTM] INFO [NODE-SDK:1.0.0:51259d5e-7b9a-49c6-a80d-70402db694ca] <Request>: API response received upon successful execution: {"head":{"responseTimestamp":"1647093052336","version":"v1","signature":"IKjqCPrXShhdj27m373KZf9DwG/976iIGXugjLDHbh5Tnh/abCzpL9ZyPRTBZLeMuvsiquB6gm3XqnC6OndXgl8kUUkua8NatKyO8zW6DF4="},"body":{"resultInfo":{"resultStatus":"TXN_SUCCESS","resultCode":"01","resultMsg":"Txn Success"},"txnId":"20220312111212800110168059103516464","bankTxnId":"13536213818","orderId":"6GXCL6VY1M","txnAmount":"10.00","txnType":"SALE","gatewayName":"HDFC","bankName":"HDFC Bank","mid":"ciXcUt86833610141591","paymentMode":"NB","refundAmt":"0.00","txnDate":"2022-03-12 08:25:50.0"}}
[2022-03-12T13:50:52.313Z] [PAYTM] INFO [NODE-SDK:1.0.0:51259d5e-7b9a-49c6-a80d-70402db694ca] <Request>: Raw Response: {"head":{"responseTimestamp":"1647093052336","version":"v1","signature":"IKjqCPrXShhdj27m373KZf9DwG/976iIGXugjLDHbh5Tnh/abCzpL9ZyPRTBZLeMuvsiquB6gm3XqnC6OndXgl8kUUkua8NatKyO8zW6DF4="},"body":{"resultInfo":{"resultStatus":"TXN_SUCCESS","resultCode":"01","resultMsg":"Txn Success"},"txnId":"20220312111212800110168059103516464","bankTxnId":"13536213818","orderId":"6GXCL6VY1M","txnAmount":"10.00","txnType":"SALE","gatewayName":"HDFC","bankName":"HDFC Bank","mid":"ciXcUt86833610141591","paymentMode":"NB","refundAmt":"0.00","txnDate":"2022-03-12 08:25:50.0"}}
[2022-03-12T13:50:52.313Z] [PAYTM] INFO [NODE-SDK:1.0.0:51259d5e-7b9a-49c6-a80d-70402db694ca] <Request>: Response Data Object: {"head":{"signature":"IKjqCPrXShhdj27m373KZf9DwG/976iIGXugjLDHbh5Tnh/abCzpL9ZyPRTBZLeMuvsiquB6gm3XqnC6OndXgl8kUUkua8NatKyO8zW6DF4=","responseTimestamp":"1647093052336","version":"v1"},"body":{"txnId":"20220312111212800110168059103516464","bankTxnId":"13536213818","orderId":"6GXCL6VY1M","txnAmount":"10.00","txnType":"SALE","gatewayName":"HDFC","bankName":"HDFC Bank","mid":"ciXcUt86833610141591","paymentMode":"NB","refundAmt":"0.00","txnDate":"2022-03-12 08:25:50.0","resultInfo":{"resultStatus":"TXN_SUCCESS","resultMsg":"Txn Success","resultCode":"01"},"extraParamsMap":{}}}
[2022-03-12T13:50:52.313Z] [PAYTM] INFO [NODE-SDK:1.0.0:51259d5e-7b9a-49c6-a80d-70402db694ca] <Request>: validating signature 
[2022-03-12T13:50:52.313Z] [PAYTM] INFO [NODE-SDK:1.0.0:51259d5e-7b9a-49c6-a80d-70402db694ca] <EncDecUtil>: verifyChecksumByString called()
[2022-03-12T13:50:52.313Z] [PAYTM] INFO [NODE-SDK:1.0.0:51259d5e-7b9a-49c6-a80d-70402db694ca] <EncDecUtil>: verifyChecksumByString returns: true
[2022-03-12T13:50:52.313Z] [PAYTM] INFO [NODE-SDK:1.0.0:51259d5e-7b9a-49c6-a80d-70402db694ca] <Request>: signature validation passed 
[2022-03-12T13:50:52.313Z] [PAYTM] INFO [NODE-SDK:1.0.0:51259d5e-7b9a-49c6-a80d-70402db694ca] <Request>: Execution completed with raw json response: {"head":{"responseTimestamp":"1647093052336","version":"v1","signature":"IKjqCPrXShhdj27m373KZf9DwG/976iIGXugjLDHbh5Tnh/abCzpL9ZyPRTBZLeMuvsiquB6gm3XqnC6OndXgl8kUUkua8NatKyO8zW6DF4="},"body":{"resultInfo":{"resultStatus":"TXN_SUCCESS","resultCode":"01","resultMsg":"Txn Success"},"txnId":"20220312111212800110168059103516464","bankTxnId":"13536213818","orderId":"6GXCL6VY1M","txnAmount":"10.00","txnType":"SALE","gatewayName":"HDFC","bankName":"HDFC Bank","mid":"ciXcUt86833610141591","paymentMode":"NB","refundAmt":"0.00","txnDate":"2022-03-12 08:25:50.0"}}
[2022-03-12T13:50:59.780Z] [PAYTM] INFO [NODE-SDK1.0.0] <MerchantProperties>: initialize called
[2022-03-12T13:50:59.781Z] [PAYTM] INFO [NODE-SDK1.0.0] <MerchantProperties>: Setting Environment for STAGE
[2022-03-12T13:51:05.194Z] [PAYTM] INFO [NODE-SDK:1.0.0:7effccb6-586e-4d76-be0e-cee2deea21f1] <Payment>: In getPaymentStatus PaymentStatusDetail: {"orderId":"6GXCL6VY1M","readTimeout":80000}
[2022-03-12T13:51:05.194Z] [PAYTM] INFO [NODE-SDK:1.0.0:7effccb6-586e-4d76-be0e-cee2deea21f1] <Payment>: validatePaymentStatusDetailObject for request: {"orderId":"6GXCL6VY1M","readTimeout":80000}
[2022-03-12T13:51:05.195Z] [PAYTM] INFO [NODE-SDK:1.0.0:7effccb6-586e-4d76-be0e-cee2deea21f1] <Payment>:  validatePaymentStatusDetailObject returns true 
[2022-03-12T13:51:05.195Z] [PAYTM] INFO [NODE-SDK:1.0.0:7effccb6-586e-4d76-be0e-cee2deea21f1] <CommonUtil>: In getSecureRequestHeader
[2022-03-12T13:51:05.195Z] [PAYTM] INFO [NODE-SDK:1.0.0:7effccb6-586e-4d76-be0e-cee2deea21f1] <Payment>: NativePaymentStatusRequest object {"head":{"version":"v2","channelId":null,"requestTimestamp":"1647093065195","workFlow":null,"signature":null},"body":{"mid":"ciXcUt86833610141591","orderId":"6GXCL6VY1M"}}
[2022-03-12T13:51:05.196Z] [PAYTM] INFO [NODE-SDK:1.0.0:7effccb6-586e-4d76-be0e-cee2deea21f1] <EncDecUtil>: generateSignature() called
[2022-03-12T13:51:05.196Z] [PAYTM] INFO [NODE-SDK:1.0.0:7effccb6-586e-4d76-be0e-cee2deea21f1] <EncDecUtil>: generateRandomString() called
[2022-03-12T13:51:05.196Z] [PAYTM] INFO [NODE-SDK:1.0.0:7effccb6-586e-4d76-be0e-cee2deea21f1] <EncDecUtil>: generateSalt returns: gE6Q
[2022-03-12T13:51:05.197Z] [PAYTM] INFO [NODE-SDK:1.0.0:7effccb6-586e-4d76-be0e-cee2deea21f1] <EncDecUtil>: getChecksumFromString returns: ykWI/0hkUHD8mQQG0nBJTrgqoAeuMGChEs0uvVjsUw8vuTC6/ltalL3YtRe1ITFJj3UfKW1GPeK79RX2IGXBY4lwF1R5QJHZmL2HAF6pnvM=
[2022-03-12T13:51:05.200Z] [PAYTM] INFO [NODE-SDK:1.0.0:7effccb6-586e-4d76-be0e-cee2deea21f1] <Request>: process for request: {"head":{"version":"v2","channelId":null,"requestTimestamp":"1647093065195","workFlow":null,"signature":"ykWI/0hkUHD8mQQG0nBJTrgqoAeuMGChEs0uvVjsUw8vuTC6/ltalL3YtRe1ITFJj3UfKW1GPeK79RX2IGXBY4lwF1R5QJHZmL2HAF6pnvM="},"body":{"mid":"ciXcUt86833610141591","orderId":"6GXCL6VY1M"}}
[2022-03-12T13:51:05.200Z] [PAYTM] INFO [NODE-SDK:1.0.0:7effccb6-586e-4d76-be0e-cee2deea21f1] <Request>: executeCurl called 
[2022-03-12T13:51:05.200Z] [PAYTM] INFO [NODE-SDK:1.0.0:7effccb6-586e-4d76-be0e-cee2deea21f1] <Request>: will make API call to: https://securegw-stage.paytm.in/merchant-status/api/v1/getPaymentStatus
[2022-03-12T13:51:05.583Z] [PAYTM] INFO [NODE-SDK:1.0.0:7effccb6-586e-4d76-be0e-cee2deea21f1] <Request>: API response received upon successful execution: {"head":{"responseTimestamp":"1647093065613","version":"v1","signature":"b1jrrF8Xz6xrtAoDWRpdFF7eTfa52EbYqupn4RXylbCjkRylTkF74Zzn/MykedRD3icc6F+GJCCrTuCCWAH3lO1cAGyA5QLT9L0Qs0rXAAU="},"body":{"resultInfo":{"resultStatus":"TXN_SUCCESS","resultCode":"01","resultMsg":"Txn Success"},"txnId":"20220312111212800110168059103516464","bankTxnId":"13536213818","orderId":"6GXCL6VY1M","txnAmount":"10.00","txnType":"SALE","gatewayName":"HDFC","bankName":"HDFC Bank","mid":"ciXcUt86833610141591","paymentMode":"NB","refundAmt":"0.00","txnDate":"2022-03-12 08:25:50.0"}}
[2022-03-12T13:51:05.583Z] [PAYTM] INFO [NODE-SDK:1.0.0:7effccb6-586e-4d76-be0e-cee2deea21f1] <Request>: Raw Response: {"head":{"responseTimestamp":"1647093065613","version":"v1","signature":"b1jrrF8Xz6xrtAoDWRpdFF7eTfa52EbYqupn4RXylbCjkRylTkF74Zzn/MykedRD3icc6F+GJCCrTuCCWAH3lO1cAGyA5QLT9L0Qs0rXAAU="},"body":{"resultInfo":{"resultStatus":"TXN_SUCCESS","resultCode":"01","resultMsg":"Txn Success"},"txnId":"20220312111212800110168059103516464","bankTxnId":"13536213818","orderId":"6GXCL6VY1M","txnAmount":"10.00","txnType":"SALE","gatewayName":"HDFC","bankName":"HDFC Bank","mid":"ciXcUt86833610141591","paymentMode":"NB","refundAmt":"0.00","txnDate":"2022-03-12 08:25:50.0"}}
[2022-03-12T13:51:05.584Z] [PAYTM] INFO [NODE-SDK:1.0.0:7effccb6-586e-4d76-be0e-cee2deea21f1] <Request>: Response Data Object: {"head":{"signature":"b1jrrF8Xz6xrtAoDWRpdFF7eTfa52EbYqupn4RXylbCjkRylTkF74Zzn/MykedRD3icc6F+GJCCrTuCCWAH3lO1cAGyA5QLT9L0Qs0rXAAU=","responseTimestamp":"1647093065613","version":"v1"},"body":{"txnId":"20220312111212800110168059103516464","bankTxnId":"13536213818","orderId":"6GXCL6VY1M","txnAmount":"10.00","txnType":"SALE","gatewayName":"HDFC","bankName":"HDFC Bank","mid":"ciXcUt86833610141591","paymentMode":"NB","refundAmt":"0.00","txnDate":"2022-03-12 08:25:50.0","resultInfo":{"resultStatus":"TXN_SUCCESS","resultMsg":"Txn Success","resultCode":"01"},"extraParamsMap":{}}}
[2022-03-12T13:51:05.584Z] [PAYTM] INFO [NODE-SDK:1.0.0:7effccb6-586e-4d76-be0e-cee2deea21f1] <Request>: validating signature 
[2022-03-12T13:51:05.584Z] [PAYTM] INFO [NODE-SDK:1.0.0:7effccb6-586e-4d76-be0e-cee2deea21f1] <EncDecUtil>: verifyChecksumByString called()
[2022-03-12T13:51:05.584Z] [PAYTM] INFO [NODE-SDK:1.0.0:7effccb6-586e-4d76-be0e-cee2deea21f1] <EncDecUtil>: verifyChecksumByString returns: true
[2022-03-12T13:51:05.584Z] [PAYTM] INFO [NODE-SDK:1.0.0:7effccb6-586e-4d76-be0e-cee2deea21f1] <Request>: signature validation passed 
[2022-03-12T13:51:05.585Z] [PAYTM] INFO [NODE-SDK:1.0.0:7effccb6-586e-4d76-be0e-cee2deea21f1] <Request>: Execution completed with raw json response: {"head":{"responseTimestamp":"1647093065613","version":"v1","signature":"b1jrrF8Xz6xrtAoDWRpdFF7eTfa52EbYqupn4RXylbCjkRylTkF74Zzn/MykedRD3icc6F+GJCCrTuCCWAH3lO1cAGyA5QLT9L0Qs0rXAAU="},"body":{"resultInfo":{"resultStatus":"TXN_SUCCESS","resultCode":"01","resultMsg":"Txn Success"},"txnId":"20220312111212800110168059103516464","bankTxnId":"13536213818","orderId":"6GXCL6VY1M","txnAmount":"10.00","txnType":"SALE","gatewayName":"HDFC","bankName":"HDFC Bank","mid":"ciXcUt86833610141591","paymentMode":"NB","refundAmt":"0.00","txnDate":"2022-03-12 08:25:50.0"}}
[2022-03-12T13:51:52.173Z] [PAYTM] INFO [NODE-SDK:1.0.0:10dfdc1a-71e0-4b4a-9ffc-534c584c7fb8] <Payment>: In getPaymentStatus PaymentStatusDetail: {"orderId":"R9MDEVW8RU","readTimeout":80000}
[2022-03-12T13:51:52.173Z] [PAYTM] INFO [NODE-SDK:1.0.0:10dfdc1a-71e0-4b4a-9ffc-534c584c7fb8] <Payment>: validatePaymentStatusDetailObject for request: {"orderId":"R9MDEVW8RU","readTimeout":80000}
[2022-03-12T13:51:52.173Z] [PAYTM] INFO [NODE-SDK:1.0.0:10dfdc1a-71e0-4b4a-9ffc-534c584c7fb8] <Payment>:  validatePaymentStatusDetailObject returns true 
[2022-03-12T13:51:52.173Z] [PAYTM] INFO [NODE-SDK:1.0.0:10dfdc1a-71e0-4b4a-9ffc-534c584c7fb8] <CommonUtil>: In getSecureRequestHeader
[2022-03-12T13:51:52.174Z] [PAYTM] INFO [NODE-SDK:1.0.0:10dfdc1a-71e0-4b4a-9ffc-534c584c7fb8] <Payment>: NativePaymentStatusRequest object {"head":{"version":"v2","channelId":null,"requestTimestamp":"1647093112173","workFlow":null,"signature":null},"body":{"mid":"ciXcUt86833610141591","orderId":"R9MDEVW8RU"}}
[2022-03-12T13:51:52.174Z] [PAYTM] INFO [NODE-SDK:1.0.0:10dfdc1a-71e0-4b4a-9ffc-534c584c7fb8] <EncDecUtil>: generateSignature() called
[2022-03-12T13:51:52.174Z] [PAYTM] INFO [NODE-SDK:1.0.0:10dfdc1a-71e0-4b4a-9ffc-534c584c7fb8] <EncDecUtil>: generateRandomString() called
[2022-03-12T13:51:52.175Z] [PAYTM] INFO [NODE-SDK:1.0.0:10dfdc1a-71e0-4b4a-9ffc-534c584c7fb8] <EncDecUtil>: generateSalt returns: Fs1U
[2022-03-12T13:51:52.176Z] [PAYTM] INFO [NODE-SDK:1.0.0:10dfdc1a-71e0-4b4a-9ffc-534c584c7fb8] <EncDecUtil>: getChecksumFromString returns: PzBg66XNnexQenY/ttH7+r6f1WCun+AL6OWfgJFqEU/ptexpevCaJfVWuX3OoSdB697Mh/ZqbCsPMn9f7kG02ijo4F/TfL7eeYbpwn4Z52o=
[2022-03-12T13:51:52.176Z] [PAYTM] INFO [NODE-SDK:1.0.0:10dfdc1a-71e0-4b4a-9ffc-534c584c7fb8] <Request>: process for request: {"head":{"version":"v2","channelId":null,"requestTimestamp":"1647093112173","workFlow":null,"signature":"PzBg66XNnexQenY/ttH7+r6f1WCun+AL6OWfgJFqEU/ptexpevCaJfVWuX3OoSdB697Mh/ZqbCsPMn9f7kG02ijo4F/TfL7eeYbpwn4Z52o="},"body":{"mid":"ciXcUt86833610141591","orderId":"R9MDEVW8RU"}}
[2022-03-12T13:51:52.176Z] [PAYTM] INFO [NODE-SDK:1.0.0:10dfdc1a-71e0-4b4a-9ffc-534c584c7fb8] <Request>: executeCurl called 
[2022-03-12T13:51:52.176Z] [PAYTM] INFO [NODE-SDK:1.0.0:10dfdc1a-71e0-4b4a-9ffc-534c584c7fb8] <Request>: will make API call to: https://securegw-stage.paytm.in/merchant-status/api/v1/getPaymentStatus
[2022-03-12T13:51:52.702Z] [PAYTM] INFO [NODE-SDK:1.0.0:10dfdc1a-71e0-4b4a-9ffc-534c584c7fb8] <Request>: API response received upon successful execution: {"head":{"responseTimestamp":"1647093112731","version":"v1","signature":"VoJUXu8hAlyF4aFDmAkaKkVQ4pdss5woHs+B54g1BUxbM6qDUMwGoPtKNNNpl6Vhzzgc8ZtmzaQ6zOjf2sDI1NKI3SRTcbifgTQJzKkjRIU="},"body":{"resultInfo":{"resultStatus":"TXN_SUCCESS","resultCode":"01","resultMsg":"Txn Success"},"txnId":"20220312111212800110168578303537532","bankTxnId":"16195666227","orderId":"R9MDEVW8RU","txnAmount":"10.00","txnType":"SALE","gatewayName":"HDFC","bankName":"HDFC Bank","mid":"ciXcUt86833610141591","paymentMode":"NB","refundAmt":"0.00","txnDate":"2022-03-12 19:18:11.0"}}
[2022-03-12T13:51:52.702Z] [PAYTM] INFO [NODE-SDK:1.0.0:10dfdc1a-71e0-4b4a-9ffc-534c584c7fb8] <Request>: Raw Response: {"head":{"responseTimestamp":"1647093112731","version":"v1","signature":"VoJUXu8hAlyF4aFDmAkaKkVQ4pdss5woHs+B54g1BUxbM6qDUMwGoPtKNNNpl6Vhzzgc8ZtmzaQ6zOjf2sDI1NKI3SRTcbifgTQJzKkjRIU="},"body":{"resultInfo":{"resultStatus":"TXN_SUCCESS","resultCode":"01","resultMsg":"Txn Success"},"txnId":"20220312111212800110168578303537532","bankTxnId":"16195666227","orderId":"R9MDEVW8RU","txnAmount":"10.00","txnType":"SALE","gatewayName":"HDFC","bankName":"HDFC Bank","mid":"ciXcUt86833610141591","paymentMode":"NB","refundAmt":"0.00","txnDate":"2022-03-12 19:18:11.0"}}
[2022-03-12T13:51:52.703Z] [PAYTM] INFO [NODE-SDK:1.0.0:10dfdc1a-71e0-4b4a-9ffc-534c584c7fb8] <Request>: Response Data Object: {"head":{"signature":"VoJUXu8hAlyF4aFDmAkaKkVQ4pdss5woHs+B54g1BUxbM6qDUMwGoPtKNNNpl6Vhzzgc8ZtmzaQ6zOjf2sDI1NKI3SRTcbifgTQJzKkjRIU=","responseTimestamp":"1647093112731","version":"v1"},"body":{"txnId":"20220312111212800110168578303537532","bankTxnId":"16195666227","orderId":"R9MDEVW8RU","txnAmount":"10.00","txnType":"SALE","gatewayName":"HDFC","bankName":"HDFC Bank","mid":"ciXcUt86833610141591","paymentMode":"NB","refundAmt":"0.00","txnDate":"2022-03-12 19:18:11.0","resultInfo":{"resultStatus":"TXN_SUCCESS","resultMsg":"Txn Success","resultCode":"01"},"extraParamsMap":{}}}
[2022-03-12T13:51:52.703Z] [PAYTM] INFO [NODE-SDK:1.0.0:10dfdc1a-71e0-4b4a-9ffc-534c584c7fb8] <Request>: validating signature 
[2022-03-12T13:51:52.703Z] [PAYTM] INFO [NODE-SDK:1.0.0:10dfdc1a-71e0-4b4a-9ffc-534c584c7fb8] <EncDecUtil>: verifyChecksumByString called()
[2022-03-12T13:51:52.703Z] [PAYTM] INFO [NODE-SDK:1.0.0:10dfdc1a-71e0-4b4a-9ffc-534c584c7fb8] <EncDecUtil>: verifyChecksumByString returns: true
[2022-03-12T13:51:52.703Z] [PAYTM] INFO [NODE-SDK:1.0.0:10dfdc1a-71e0-4b4a-9ffc-534c584c7fb8] <Request>: signature validation passed 
[2022-03-12T13:51:52.703Z] [PAYTM] INFO [NODE-SDK:1.0.0:10dfdc1a-71e0-4b4a-9ffc-534c584c7fb8] <Request>: Execution completed with raw json response: {"head":{"responseTimestamp":"1647093112731","version":"v1","signature":"VoJUXu8hAlyF4aFDmAkaKkVQ4pdss5woHs+B54g1BUxbM6qDUMwGoPtKNNNpl6Vhzzgc8ZtmzaQ6zOjf2sDI1NKI3SRTcbifgTQJzKkjRIU="},"body":{"resultInfo":{"resultStatus":"TXN_SUCCESS","resultCode":"01","resultMsg":"Txn Success"},"txnId":"20220312111212800110168578303537532","bankTxnId":"16195666227","orderId":"R9MDEVW8RU","txnAmount":"10.00","txnType":"SALE","gatewayName":"HDFC","bankName":"HDFC Bank","mid":"ciXcUt86833610141591","paymentMode":"NB","refundAmt":"0.00","txnDate":"2022-03-12 19:18:11.0"}}
[2022-03-12T13:53:49.479Z] [PAYTM] INFO [NODE-SDK1.0.0] <MerchantProperties>: initialize called
[2022-03-12T13:53:49.480Z] [PAYTM] INFO [NODE-SDK1.0.0] <MerchantProperties>: Setting Environment for STAGE
[2022-03-12T13:54:46.969Z] [PAYTM] INFO [NODE-SDK1.0.0] <MerchantProperties>: initialize called
[2022-03-12T13:54:46.970Z] [PAYTM] INFO [NODE-SDK1.0.0] <MerchantProperties>: Setting Environment for STAGE
[2022-03-12T13:55:26.554Z] [PAYTM] INFO [NODE-SDK1.0.0] <MerchantProperties>: initialize called
[2022-03-12T13:55:26.556Z] [PAYTM] INFO [NODE-SDK1.0.0] <MerchantProperties>: Setting Environment for STAGE
[2022-03-12T13:59:35.032Z] [PAYTM] INFO [NODE-SDK1.0.0] <MerchantProperties>: initialize called
[2022-03-12T13:59:35.033Z] [PAYTM] INFO [NODE-SDK1.0.0] <MerchantProperties>: Setting Environment for STAGE
[2022-03-12T14:00:02.059Z] [PAYTM] INFO [NODE-SDK1.0.0] <MerchantProperties>: initialize called
[2022-03-12T14:00:02.060Z] [PAYTM] INFO [NODE-SDK1.0.0] <MerchantProperties>: Setting Environment for STAGE
[2022-03-13T06:05:26.166Z] [PAYTM] INFO [NODE-SDK1.0.0] <MerchantProperties>: initialize called
[2022-03-13T06:05:26.168Z] [PAYTM] INFO [NODE-SDK1.0.0] <MerchantProperties>: Setting Environment for STAGE
[2022-03-13T06:19:55.983Z] [PAYTM] INFO [NODE-SDK1.0.0] <MerchantProperties>: initialize called
[2022-03-13T06:19:55.983Z] [PAYTM] INFO [NODE-SDK1.0.0] <MerchantProperties>: Setting Environment for STAGE
[2022-03-13T06:26:12.457Z] [PAYTM] INFO [NODE-SDK1.0.0] <MerchantProperties>: initialize called
[2022-03-13T06:26:12.458Z] [PAYTM] INFO [NODE-SDK1.0.0] <MerchantProperties>: Setting Environment for STAGE
[2022-03-13T06:32:04.971Z] [PAYTM] INFO [NODE-SDK1.0.0] <MerchantProperties>: initialize called
[2022-03-13T06:32:04.972Z] [PAYTM] INFO [NODE-SDK1.0.0] <MerchantProperties>: Setting Environment for STAGE
[2022-03-13T06:42:27.306Z] [PAYTM] INFO [NODE-SDK1.0.0] <MerchantProperties>: initialize called
[2022-03-13T06:42:27.307Z] [PAYTM] INFO [NODE-SDK1.0.0] <MerchantProperties>: Setting Environment for STAGE
[2022-03-13T07:07:19.387Z] [PAYTM] INFO [NODE-SDK1.0.0] <MerchantProperties>: initialize called
[2022-03-13T07:07:19.388Z] [PAYTM] INFO [NODE-SDK1.0.0] <MerchantProperties>: Setting Environment for STAGE
